Copyright 1986-2018 Xilinx, Inc. All Rights Reserved.
------------------------------------------------------------------------------------
| Tool Version : Vivado v.2018.3 (win64) Build 2405991 Thu Dec  6 23:38:27 MST 2018
| Date         : Wed Nov  2 12:09:50 2022
| Host         : LAPTOP-IP0GL19C running 64-bit major release  (build 9200)
| Command      : upgrade_ip
| Device       : xc7a200tfbg484-2
------------------------------------------------------------------------------------

Upgrade Log for IP 'fifo_generator_6'

1. Summary
----------

SUCCESS in the upgrade of fifo_generator_6 (xilinx.com:ip:fifo_generator:13.2) to (Rev. 3)






Copyright 1986-2018 Xilinx, Inc. All Rights Reserved.
------------------------------------------------------------------------------------
| Tool Version : Vivado v.2018.3 (win64) Build 2405991 Thu Dec  6 23:38:27 MST 2018
| Date         : Wed Nov  2 11:26:41 2022
| Host         : LAPTOP-IP0GL19C running 64-bit major release  (build 9200)
| Command      : upgrade_ip
| Device       : xc7a200tfbg484-2
------------------------------------------------------------------------------------

Upgrade Log for IP 'mult_gen_0'

1. Summary
----------

SUCCESS in the upgrade of mult_gen_0 (xilinx.com:ip:mult_gen:12.0) from (Rev. 13) to (Rev. 14)






Copyright 1986-2018 Xilinx, Inc. All Rights Reserved.
------------------------------------------------------------------------------------
| Tool Version : Vivado v.2018.3 (win64) Build 2405991 Thu Dec  6 23:38:27 MST 2018
| Date         : Wed Nov  2 11:26:40 2022
| Host         : LAPTOP-IP0GL19C running 64-bit major release  (build 9200)
| Command      : upgrade_ip
| Device       : xc7a200tfbg484-2
------------------------------------------------------------------------------------

Upgrade Log for IP 'fifo_generator_8'

1. Summary
----------

SUCCESS in the upgrade of fifo_generator_8 (xilinx.com:ip:fifo_generator:13.2) to (Rev. 3)






Copyright 1986-2018 Xilinx, Inc. All Rights Reserved.
------------------------------------------------------------------------------------
| Tool Version : Vivado v.2018.3 (win64) Build 2405991 Thu Dec  6 23:38:27 MST 2018
| Date         : Wed Nov  2 11:26:39 2022
| Host         : LAPTOP-IP0GL19C running 64-bit major release  (build 9200)
| Command      : upgrade_ip
| Device       : xc7a200tfbg484-2
------------------------------------------------------------------------------------

Upgrade Log for IP 'fifo_generator_7'

1. Summary
----------

SUCCESS in the upgrade of fifo_generator_7 (xilinx.com:ip:fifo_generator:13.2) to (Rev. 3)






Copyright 1986-2018 Xilinx, Inc. All Rights Reserved.
------------------------------------------------------------------------------------
| Tool Version : Vivado v.2018.3 (win64) Build 2405991 Thu Dec  6 23:38:27 MST 2018
| Date         : Wed Nov  2 11:26:38 2022
| Host         : LAPTOP-IP0GL19C running 64-bit major release  (build 9200)
| Command      : upgrade_ip
| Device       : xc7a200tfbg484-2
------------------------------------------------------------------------------------

Upgrade Log for IP 'fifo_generator_6'

1. Summary
----------

SUCCESS in the upgrade of fifo_generator_6 (xilinx.com:ip:fifo_generator:13.2) to (Rev. 3)






Copyright 1986-2018 Xilinx, Inc. All Rights Reserved.
------------------------------------------------------------------------------------
| Tool Version : Vivado v.2018.3 (win64) Build 2405991 Thu Dec  6 23:38:27 MST 2018
| Date         : Wed Nov  2 11:26:37 2022
| Host         : LAPTOP-IP0GL19C running 64-bit major release  (build 9200)
| Command      : upgrade_ip
| Device       : xc7a200tfbg484-2
------------------------------------------------------------------------------------

Upgrade Log for IP 'fifo_generator_5'

1. Summary
----------

SUCCESS in the upgrade of fifo_generator_5 (xilinx.com:ip:fifo_generator:13.2) to (Rev. 3)






Copyright 1986-2018 Xilinx, Inc. All Rights Reserved.
------------------------------------------------------------------------------------
| Tool Version : Vivado v.2018.3 (win64) Build 2405991 Thu Dec  6 23:38:27 MST 2018
| Date         : Wed Nov  2 11:26:36 2022
| Host         : LAPTOP-IP0GL19C running 64-bit major release  (build 9200)
| Command      : upgrade_ip
| Device       : xc7a200tfbg484-2
------------------------------------------------------------------------------------

Upgrade Log for IP 'fifo_generator_4'

1. Summary
----------

SUCCESS in the upgrade of fifo_generator_4 (xilinx.com:ip:fifo_generator:13.2) to (Rev. 3)






Copyright 1986-2018 Xilinx, Inc. All Rights Reserved.
------------------------------------------------------------------------------------
| Tool Version : Vivado v.2018.3 (win64) Build 2405991 Thu Dec  6 23:38:27 MST 2018
| Date         : Wed Nov  2 11:26:35 2022
| Host         : LAPTOP-IP0GL19C running 64-bit major release  (build 9200)
| Command      : upgrade_ip
| Device       : xc7a200tfbg484-2
------------------------------------------------------------------------------------

Upgrade Log for IP 'fifo_generator_3'

1. Summary
----------

SUCCESS in the upgrade of fifo_generator_3 (xilinx.com:ip:fifo_generator:13.2) to (Rev. 3)






Copyright 1986-2018 Xilinx, Inc. All Rights Reserved.
------------------------------------------------------------------------------------
| Tool Version : Vivado v.2018.3 (win64) Build 2405991 Thu Dec  6 23:38:27 MST 2018
| Date         : Wed Nov  2 11:26:34 2022
| Host         : LAPTOP-IP0GL19C running 64-bit major release  (build 9200)
| Command      : upgrade_ip
| Device       : xc7a200tfbg484-2
------------------------------------------------------------------------------------

Upgrade Log for IP 'fifo_generator_2'

1. Summary
----------

SUCCESS in the upgrade of fifo_generator_2 (xilinx.com:ip:fifo_generator:13.2) to (Rev. 3)






Copyright 1986-2018 Xilinx, Inc. All Rights Reserved.
------------------------------------------------------------------------------------
| Tool Version : Vivado v.2018.3 (win64) Build 2405991 Thu Dec  6 23:38:27 MST 2018
| Date         : Wed Nov  2 11:26:34 2022
| Host         : LAPTOP-IP0GL19C running 64-bit major release  (build 9200)
| Command      : upgrade_ip
| Device       : xc7a200tfbg484-2
------------------------------------------------------------------------------------

Upgrade Log for IP 'fifo_generator_1'

1. Summary
----------

SUCCESS in the upgrade of fifo_generator_1 (xilinx.com:ip:fifo_generator:13.2) to (Rev. 3)






Copyright 1986-2018 Xilinx, Inc. All Rights Reserved.
------------------------------------------------------------------------------------
| Tool Version : Vivado v.2018.3 (win64) Build 2405991 Thu Dec  6 23:38:27 MST 2018
| Date         : Wed Nov  2 11:26:33 2022
| Host         : LAPTOP-IP0GL19C running 64-bit major release  (build 9200)
| Command      : upgrade_ip
| Device       : xc7a200tfbg484-2
------------------------------------------------------------------------------------

Upgrade Log for IP 'fifo_generator_0'

1. Summary
----------

SUCCESS in the upgrade of fifo_generator_0 (xilinx.com:ip:fifo_generator:13.2) to (Rev. 3)






Copyright 1986-2018 Xilinx, Inc. All Rights Reserved.
------------------------------------------------------------------------------------
| Tool Version : Vivado v.2018.3 (win64) Build 2405991 Thu Dec  6 23:38:27 MST 2018
| Date         : Wed Nov  2 11:26:32 2022
| Host         : LAPTOP-IP0GL19C running 64-bit major release  (build 9200)
| Command      : upgrade_ip
| Device       : xc7a200tfbg484-2
------------------------------------------------------------------------------------

Upgrade Log for IP 'dist_mem_gen_7'

1. Summary
----------

SUCCESS in the conversion of dist_mem_gen_7 (xilinx.com:ip:dist_mem_gen:8.0 (Rev. 12)) to Vivado generation flows.






Copyright 1986-2018 Xilinx, Inc. All Rights Reserved.
------------------------------------------------------------------------------------
| Tool Version : Vivado v.2018.3 (win64) Build 2405991 Thu Dec  6 23:38:27 MST 2018
| Date         : Wed Nov  2 11:26:31 2022
| Host         : LAPTOP-IP0GL19C running 64-bit major release  (build 9200)
| Command      : upgrade_ip
| Device       : xc7a200tfbg484-2
------------------------------------------------------------------------------------

Upgrade Log for IP 'dist_mem_gen_6'

1. Summary
----------

SUCCESS in the conversion of dist_mem_gen_6 (xilinx.com:ip:dist_mem_gen:8.0 (Rev. 12)) to Vivado generation flows.






Copyright 1986-2018 Xilinx, Inc. All Rights Reserved.
------------------------------------------------------------------------------------
| Tool Version : Vivado v.2018.3 (win64) Build 2405991 Thu Dec  6 23:38:27 MST 2018
| Date         : Wed Nov  2 11:26:30 2022
| Host         : LAPTOP-IP0GL19C running 64-bit major release  (build 9200)
| Command      : upgrade_ip
| Device       : xc7a200tfbg484-2
------------------------------------------------------------------------------------

Upgrade Log for IP 'dist_mem_gen_5'

1. Summary
----------

SUCCESS in the conversion of dist_mem_gen_5 (xilinx.com:ip:dist_mem_gen:8.0 (Rev. 12)) to Vivado generation flows.






Copyright 1986-2018 Xilinx, Inc. All Rights Reserved.
------------------------------------------------------------------------------------
| Tool Version : Vivado v.2018.3 (win64) Build 2405991 Thu Dec  6 23:38:27 MST 2018
| Date         : Wed Nov  2 11:26:29 2022
| Host         : LAPTOP-IP0GL19C running 64-bit major release  (build 9200)
| Command      : upgrade_ip
| Device       : xc7a200tfbg484-2
------------------------------------------------------------------------------------

Upgrade Log for IP 'dist_mem_gen_4'

1. Summary
----------

SUCCESS in the conversion of dist_mem_gen_4 (xilinx.com:ip:dist_mem_gen:8.0 (Rev. 12)) to Vivado generation flows.






Copyright 1986-2018 Xilinx, Inc. All Rights Reserved.
------------------------------------------------------------------------------------
| Tool Version : Vivado v.2018.3 (win64) Build 2405991 Thu Dec  6 23:38:27 MST 2018
| Date         : Wed Nov  2 11:26:28 2022
| Host         : LAPTOP-IP0GL19C running 64-bit major release  (build 9200)
| Command      : upgrade_ip
| Device       : xc7a200tfbg484-2
------------------------------------------------------------------------------------

Upgrade Log for IP 'dist_mem_gen_3'

1. Summary
----------

SUCCESS in the conversion of dist_mem_gen_3 (xilinx.com:ip:dist_mem_gen:8.0 (Rev. 12)) to Vivado generation flows.






Copyright 1986-2018 Xilinx, Inc. All Rights Reserved.
------------------------------------------------------------------------------------
| Tool Version : Vivado v.2018.3 (win64) Build 2405991 Thu Dec  6 23:38:27 MST 2018
| Date         : Wed Nov  2 11:26:27 2022
| Host         : LAPTOP-IP0GL19C running 64-bit major release  (build 9200)
| Command      : upgrade_ip
| Device       : xc7a200tfbg484-2
------------------------------------------------------------------------------------

Upgrade Log for IP 'dist_mem_gen_2'

1. Summary
----------

SUCCESS in the conversion of dist_mem_gen_2 (xilinx.com:ip:dist_mem_gen:8.0 (Rev. 12)) to Vivado generation flows.






Copyright 1986-2018 Xilinx, Inc. All Rights Reserved.
------------------------------------------------------------------------------------
| Tool Version : Vivado v.2018.3 (win64) Build 2405991 Thu Dec  6 23:38:27 MST 2018
| Date         : Wed Nov  2 11:26:26 2022
| Host         : LAPTOP-IP0GL19C running 64-bit major release  (build 9200)
| Command      : upgrade_ip
| Device       : xc7a200tfbg484-2
------------------------------------------------------------------------------------

Upgrade Log for IP 'dist_mem_gen_1'

1. Summary
----------

SUCCESS in the conversion of dist_mem_gen_1 (xilinx.com:ip:dist_mem_gen:8.0 (Rev. 12)) to Vivado generation flows.






Copyright 1986-2018 Xilinx, Inc. All Rights Reserved.
------------------------------------------------------------------------------------
| Tool Version : Vivado v.2018.3 (win64) Build 2405991 Thu Dec  6 23:38:27 MST 2018
| Date         : Wed Nov  2 11:26:26 2022
| Host         : LAPTOP-IP0GL19C running 64-bit major release  (build 9200)
| Command      : upgrade_ip
| Device       : xc7a200tfbg484-2
------------------------------------------------------------------------------------

Upgrade Log for IP 'dist_mem_gen_0'

1. Summary
----------

SUCCESS in the conversion of dist_mem_gen_0 (xilinx.com:ip:dist_mem_gen:8.0 (Rev. 12)) to Vivado generation flows.






Copyright 1986-2018 Xilinx, Inc. All Rights Reserved.
------------------------------------------------------------------------------------
| Tool Version : Vivado v.2018.3 (win64) Build 2405991 Thu Dec  6 23:38:27 MST 2018
| Date         : Wed Nov  2 11:26:25 2022
| Host         : LAPTOP-IP0GL19C running 64-bit major release  (build 9200)
| Command      : upgrade_ip
| Device       : xc7a200tfbg484-2
------------------------------------------------------------------------------------

Upgrade Log for IP 'c_shift_ram_9'

1. Summary
----------

SUCCESS in the upgrade of c_shift_ram_9 (xilinx.com:ip:c_shift_ram:12.0) from (Rev. 11) to (Rev. 12)






Copyright 1986-2018 Xilinx, Inc. All Rights Reserved.
------------------------------------------------------------------------------------
| Tool Version : Vivado v.2018.3 (win64) Build 2405991 Thu Dec  6 23:38:27 MST 2018
| Date         : Wed Nov  2 11:26:24 2022
| Host         : LAPTOP-IP0GL19C running 64-bit major release  (build 9200)
| Command      : upgrade_ip
| Device       : xc7a200tfbg484-2
------------------------------------------------------------------------------------

Upgrade Log for IP 'c_shift_ram_8'

1. Summary
----------

SUCCESS in the upgrade of c_shift_ram_8 (xilinx.com:ip:c_shift_ram:12.0) from (Rev. 11) to (Rev. 12)






Copyright 1986-2018 Xilinx, Inc. All Rights Reserved.
------------------------------------------------------------------------------------
| Tool Version : Vivado v.2018.3 (win64) Build 2405991 Thu Dec  6 23:38:27 MST 2018
| Date         : Wed Nov  2 11:26:24 2022
| Host         : LAPTOP-IP0GL19C running 64-bit major release  (build 9200)
| Command      : upgrade_ip
| Device       : xc7a200tfbg484-2
------------------------------------------------------------------------------------

Upgrade Log for IP 'c_shift_ram_7'

1. Summary
----------

SUCCESS in the upgrade of c_shift_ram_7 (xilinx.com:ip:c_shift_ram:12.0) from (Rev. 11) to (Rev. 12)






Copyright 1986-2018 Xilinx, Inc. All Rights Reserved.
------------------------------------------------------------------------------------
| Tool Version : Vivado v.2018.3 (win64) Build 2405991 Thu Dec  6 23:38:27 MST 2018
| Date         : Wed Nov  2 11:26:23 2022
| Host         : LAPTOP-IP0GL19C running 64-bit major release  (build 9200)
| Command      : upgrade_ip
| Device       : xc7a200tfbg484-2
------------------------------------------------------------------------------------

Upgrade Log for IP 'c_shift_ram_6'

1. Summary
----------

SUCCESS in the upgrade of c_shift_ram_6 (xilinx.com:ip:c_shift_ram:12.0) from (Rev. 11) to (Rev. 12)






Copyright 1986-2018 Xilinx, Inc. All Rights Reserved.
------------------------------------------------------------------------------------
| Tool Version : Vivado v.2018.3 (win64) Build 2405991 Thu Dec  6 23:38:27 MST 2018
| Date         : Wed Nov  2 11:26:23 2022
| Host         : LAPTOP-IP0GL19C running 64-bit major release  (build 9200)
| Command      : upgrade_ip
| Device       : xc7a200tfbg484-2
------------------------------------------------------------------------------------

Upgrade Log for IP 'c_shift_ram_5'

1. Summary
----------

SUCCESS in the upgrade of c_shift_ram_5 (xilinx.com:ip:c_shift_ram:12.0) from (Rev. 11) to (Rev. 12)






Copyright 1986-2018 Xilinx, Inc. All Rights Reserved.
------------------------------------------------------------------------------------
| Tool Version : Vivado v.2018.3 (win64) Build 2405991 Thu Dec  6 23:38:27 MST 2018
| Date         : Wed Nov  2 11:26:22 2022
| Host         : LAPTOP-IP0GL19C running 64-bit major release  (build 9200)
| Command      : upgrade_ip
| Device       : xc7a200tfbg484-2
------------------------------------------------------------------------------------

Upgrade Log for IP 'c_shift_ram_4'

1. Summary
----------

SUCCESS in the upgrade of c_shift_ram_4 (xilinx.com:ip:c_shift_ram:12.0) from (Rev. 11) to (Rev. 12)






Copyright 1986-2018 Xilinx, Inc. All Rights Reserved.
------------------------------------------------------------------------------------
| Tool Version : Vivado v.2018.3 (win64) Build 2405991 Thu Dec  6 23:38:27 MST 2018
| Date         : Wed Nov  2 11:26:22 2022
| Host         : LAPTOP-IP0GL19C running 64-bit major release  (build 9200)
| Command      : upgrade_ip
| Device       : xc7a200tfbg484-2
------------------------------------------------------------------------------------

Upgrade Log for IP 'c_shift_ram_3'

1. Summary
----------

SUCCESS in the upgrade of c_shift_ram_3 (xilinx.com:ip:c_shift_ram:12.0) from (Rev. 11) to (Rev. 12)






Copyright 1986-2018 Xilinx, Inc. All Rights Reserved.
------------------------------------------------------------------------------------
| Tool Version : Vivado v.2018.3 (win64) Build 2405991 Thu Dec  6 23:38:27 MST 2018
| Date         : Wed Nov  2 11:26:21 2022
| Host         : LAPTOP-IP0GL19C running 64-bit major release  (build 9200)
| Command      : upgrade_ip
| Device       : xc7a200tfbg484-2
------------------------------------------------------------------------------------

Upgrade Log for IP 'c_shift_ram_2'

1. Summary
----------

SUCCESS in the upgrade of c_shift_ram_2 (xilinx.com:ip:c_shift_ram:12.0) from (Rev. 11) to (Rev. 12)






Copyright 1986-2018 Xilinx, Inc. All Rights Reserved.
------------------------------------------------------------------------------------
| Tool Version : Vivado v.2018.3 (win64) Build 2405991 Thu Dec  6 23:38:27 MST 2018
| Date         : Wed Nov  2 11:26:21 2022
| Host         : LAPTOP-IP0GL19C running 64-bit major release  (build 9200)
| Command      : upgrade_ip
| Device       : xc7a200tfbg484-2
------------------------------------------------------------------------------------

Upgrade Log for IP 'c_shift_ram_11'

1. Summary
----------

SUCCESS in the upgrade of c_shift_ram_11 (xilinx.com:ip:c_shift_ram:12.0) from (Rev. 11) to (Rev. 12)






Copyright 1986-2018 Xilinx, Inc. All Rights Reserved.
------------------------------------------------------------------------------------
| Tool Version : Vivado v.2018.3 (win64) Build 2405991 Thu Dec  6 23:38:27 MST 2018
| Date         : Wed Nov  2 11:26:20 2022
| Host         : LAPTOP-IP0GL19C running 64-bit major release  (build 9200)
| Command      : upgrade_ip
| Device       : xc7a200tfbg484-2
------------------------------------------------------------------------------------

Upgrade Log for IP 'c_shift_ram_10'

1. Summary
----------

SUCCESS in the upgrade of c_shift_ram_10 (xilinx.com:ip:c_shift_ram:12.0) from (Rev. 11) to (Rev. 12)






Copyright 1986-2018 Xilinx, Inc. All Rights Reserved.
------------------------------------------------------------------------------------
| Tool Version : Vivado v.2018.3 (win64) Build 2405991 Thu Dec  6 23:38:27 MST 2018
| Date         : Wed Nov  2 11:26:20 2022
| Host         : LAPTOP-IP0GL19C running 64-bit major release  (build 9200)
| Command      : upgrade_ip
| Device       : xc7a200tfbg484-2
------------------------------------------------------------------------------------

Upgrade Log for IP 'c_shift_ram_1'

1. Summary
----------

SUCCESS in the upgrade of c_shift_ram_1 (xilinx.com:ip:c_shift_ram:12.0) from (Rev. 11) to (Rev. 12)






Copyright 1986-2018 Xilinx, Inc. All Rights Reserved.
------------------------------------------------------------------------------------
| Tool Version : Vivado v.2018.3 (win64) Build 2405991 Thu Dec  6 23:38:27 MST 2018
| Date         : Wed Nov  2 11:26:19 2022
| Host         : LAPTOP-IP0GL19C running 64-bit major release  (build 9200)
| Command      : upgrade_ip
| Device       : xc7a200tfbg484-2
------------------------------------------------------------------------------------

Upgrade Log for IP 'c_shift_ram_0'

1. Summary
----------

SUCCESS in the upgrade of c_shift_ram_0 (xilinx.com:ip:c_shift_ram:12.0) from (Rev. 11) to (Rev. 12)






Copyright 1986-2018 Xilinx, Inc. All Rights Reserved.
------------------------------------------------------------------------------------
| Tool Version : Vivado v.2018.3 (win64) Build 2405991 Thu Dec  6 23:38:27 MST 2018
| Date         : Wed Nov  2 11:26:18 2022
| Host         : LAPTOP-IP0GL19C running 64-bit major release  (build 9200)
| Command      : upgrade_ip
| Device       : xc7a200tfbg484-2
------------------------------------------------------------------------------------

Upgrade Log for IP 'blk_mem_gen_2'

1. Summary
----------

SUCCESS in the upgrade of blk_mem_gen_2 (xilinx.com:ip:blk_mem_gen:8.4) to (Rev. 2)






Copyright 1986-2018 Xilinx, Inc. All Rights Reserved.
------------------------------------------------------------------------------------
| Tool Version : Vivado v.2018.3 (win64) Build 2405991 Thu Dec  6 23:38:27 MST 2018
| Date         : Wed Nov  2 11:26:17 2022
| Host         : LAPTOP-IP0GL19C running 64-bit major release  (build 9200)
| Command      : upgrade_ip
| Device       : xc7a200tfbg484-2
------------------------------------------------------------------------------------

Upgrade Log for IP 'blk_mem_gen_1'

1. Summary
----------

SUCCESS in the upgrade of blk_mem_gen_1 (xilinx.com:ip:blk_mem_gen:8.4) to (Rev. 2)






Copyright 1986-2018 Xilinx, Inc. All Rights Reserved.
------------------------------------------------------------------------------------
| Tool Version : Vivado v.2018.3 (win64) Build 2405991 Thu Dec  6 23:38:27 MST 2018
| Date         : Wed Nov  2 11:26:16 2022
| Host         : LAPTOP-IP0GL19C running 64-bit major release  (build 9200)
| Command      : upgrade_ip
| Device       : xc7a200tfbg484-2
------------------------------------------------------------------------------------

Upgrade Log for IP 'blk_mem_gen_0'

1. Summary
----------

SUCCESS in the upgrade of blk_mem_gen_0 (xilinx.com:ip:blk_mem_gen:8.4) to (Rev. 2)

