GowinSynthesis start
Running parser ...
Analyzing Verilog file 'C:\Program D\kyber\Gowin_PicoRV32\gowin_picorv32_V2\src\RSA\RSA_top.v'
Analyzing Verilog file 'C:\Program D\kyber\Gowin_PicoRV32\gowin_picorv32_V2\src\RSA\gowin_mult\gowin_mult.v'
Analyzing Verilog file 'C:\Program D\kyber\Gowin_PicoRV32\gowin_picorv32_V2\src\RSA\key_gen.v'
Analyzing Verilog file 'C:\Program D\kyber\Gowin_PicoRV32\gowin_picorv32_V2\src\RSA\multi_mod.v'
Analyzing Verilog file 'C:\Program D\kyber\Gowin_PicoRV32\gowin_picorv32_V2\src\ahbreg.v'
Analyzing Verilog file 'C:\Program D\kyber\Gowin_PicoRV32\gowin_picorv32_V2\src\button.v'
Analyzing Verilog file 'C:\Program D\kyber\Gowin_PicoRV32\gowin_picorv32_V2\src\fifo_hs\fifo_hs.v'
Analyzing Verilog file 'C:\Program D\kyber\Gowin_PicoRV32\gowin_picorv32_V2\src\gowin_picorv32\gowin_picorv32.v'
Analyzing Verilog file 'C:\Program D\kyber\Gowin_PicoRV32\gowin_picorv32_V2\src\kyber\LUT.v'
Analyzing Verilog file 'C:\Program D\kyber\Gowin_PicoRV32\gowin_picorv32_V2\src\kyber\NTT_core_Client.v'
Analyzing Verilog file 'C:\Program D\kyber\Gowin_PicoRV32\gowin_picorv32_V2\src\kyber\RAM_based_shift_reg_top\c_shift_ram_0.v'
Analyzing Verilog file 'C:\Program D\kyber\Gowin_PicoRV32\gowin_picorv32_V2\src\kyber\RAM_based_shift_reg_top\c_shift_ram_1.v'
Analyzing Verilog file 'C:\Program D\kyber\Gowin_PicoRV32\gowin_picorv32_V2\src\kyber\RAM_based_shift_reg_top\c_shift_ram_11.v'
Analyzing Verilog file 'C:\Program D\kyber\Gowin_PicoRV32\gowin_picorv32_V2\src\kyber\RAM_based_shift_reg_top\c_shift_ram_2.v'
Analyzing Verilog file 'C:\Program D\kyber\Gowin_PicoRV32\gowin_picorv32_V2\src\kyber\RAM_based_shift_reg_top\c_shift_ram_3.v'
Analyzing Verilog file 'C:\Program D\kyber\Gowin_PicoRV32\gowin_picorv32_V2\src\kyber\RAM_based_shift_reg_top\c_shift_ram_4.v'
Analyzing Verilog file 'C:\Program D\kyber\Gowin_PicoRV32\gowin_picorv32_V2\src\kyber\RAM_based_shift_reg_top\c_shift_ram_5.v'
Analyzing Verilog file 'C:\Program D\kyber\Gowin_PicoRV32\gowin_picorv32_V2\src\kyber\RAM_based_shift_reg_top\c_shift_ram_6.v'
Analyzing Verilog file 'C:\Program D\kyber\Gowin_PicoRV32\gowin_picorv32_V2\src\kyber\RAM_based_shift_reg_top\c_shift_ram_8.v'
Analyzing Verilog file 'C:\Program D\kyber\Gowin_PicoRV32\gowin_picorv32_V2\src\kyber\RAM_based_shift_reg_top\c_shift_ram_9.v'
Analyzing Verilog file 'C:\Program D\kyber\Gowin_PicoRV32\gowin_picorv32_V2\src\kyber\_to_32bits.v'
Analyzing Verilog file 'C:\Program D\kyber\Gowin_PicoRV32\gowin_picorv32_V2\src\kyber\butterfly_Client.v'
Analyzing Verilog file 'C:\Program D\kyber\Gowin_PicoRV32\gowin_picorv32_V2\src\kyber\decode_Client.v'
Analyzing Verilog file 'C:\Program D\kyber\Gowin_PicoRV32\gowin_picorv32_V2\src\kyber\decode_keccak.v'
Analyzing Verilog file 'C:\Program D\kyber\Gowin_PicoRV32\gowin_picorv32_V2\src\kyber\encode_Client.v'
Analyzing Verilog file 'C:\Program D\kyber\Gowin_PicoRV32\gowin_picorv32_V2\src\kyber\fifo_sc_hs\fifo_generator.v'
Analyzing Verilog file 'C:\Program D\kyber\Gowin_PicoRV32\gowin_picorv32_V2\src\kyber\fifo_sc_hs\fifo_generator_0.v'
Analyzing Verilog file 'C:\Program D\kyber\Gowin_PicoRV32\gowin_picorv32_V2\src\kyber\fifo_sc_hs\fifo_generator_1.v'
Analyzing Verilog file 'C:\Program D\kyber\Gowin_PicoRV32\gowin_picorv32_V2\src\kyber\fifo_sc_hs\fifo_generator_2.v'
Analyzing Verilog file 'C:\Program D\kyber\Gowin_PicoRV32\gowin_picorv32_V2\src\kyber\fifo_sc_hs\fifo_generator_3.v'
Analyzing Verilog file 'C:\Program D\kyber\Gowin_PicoRV32\gowin_picorv32_V2\src\kyber\fifo_sc_hs\fifo_generator_4.v'
Analyzing Verilog file 'C:\Program D\kyber\Gowin_PicoRV32\gowin_picorv32_V2\src\kyber\fifo_sc_hs\fifo_generator_5.v'
Analyzing Verilog file 'C:\Program D\kyber\Gowin_PicoRV32\gowin_picorv32_V2\src\kyber\fifo_sc_hs\fifo_generator_6.v'
Analyzing Verilog file 'C:\Program D\kyber\Gowin_PicoRV32\gowin_picorv32_V2\src\kyber\fifo_sc_hs\fifo_generator_7.v'
Analyzing Verilog file 'C:\Program D\kyber\Gowin_PicoRV32\gowin_picorv32_V2\src\kyber\fifo_sc_hs\fifo_generator_8.v'
Analyzing Verilog file 'C:\Program D\kyber\Gowin_PicoRV32\gowin_picorv32_V2\src\kyber\gowin_mult\mult_gen_0.v'
Analyzing Verilog file 'C:\Program D\kyber\Gowin_PicoRV32\gowin_picorv32_V2\src\kyber\gowin_prom\dist_mem_gen_0.v'
Analyzing Verilog file 'C:\Program D\kyber\Gowin_PicoRV32\gowin_picorv32_V2\src\kyber\gowin_prom\dist_mem_gen_1.v'
Analyzing Verilog file 'C:\Program D\kyber\Gowin_PicoRV32\gowin_picorv32_V2\src\kyber\gowin_prom\dist_mem_gen_5.v'
Analyzing Verilog file 'C:\Program D\kyber\Gowin_PicoRV32\gowin_picorv32_V2\src\kyber\gowin_prom\dist_mem_gen_6.v'
Analyzing Verilog file 'C:\Program D\kyber\Gowin_PicoRV32\gowin_picorv32_V2\src\kyber\gowin_prom\dist_mem_gen_7.v'
Analyzing Verilog file 'C:\Program D\kyber\Gowin_PicoRV32\gowin_picorv32_V2\src\kyber\gowin_rpll\gowin_rpll.v'
Analyzing Verilog file 'C:\Program D\kyber\Gowin_PicoRV32\gowin_picorv32_V2\src\kyber\gowin_sdpb\blk_mem_gen_0.v'
Analyzing Verilog file 'C:\Program D\kyber\Gowin_PicoRV32\gowin_picorv32_V2\src\kyber\gowin_sdpb\blk_mem_gen_1.v'
Analyzing Verilog file 'C:\Program D\kyber\Gowin_PicoRV32\gowin_picorv32_V2\src\kyber\gowin_sdpb\blk_mem_gen_2.v'
Analyzing Verilog file 'C:\Program D\kyber\Gowin_PicoRV32\gowin_picorv32_V2\src\kyber\hash_core_Client.v'
Analyzing Verilog file 'C:\Program D\kyber\Gowin_PicoRV32\gowin_picorv32_V2\src\kyber\kerber_top.v'
Analyzing Verilog file 'C:\Program D\kyber\Gowin_PicoRV32\gowin_picorv32_V2\src\kyber\keyber_client.v'
Analyzing Verilog file 'C:\Program D\kyber\Gowin_PicoRV32\gowin_picorv32_V2\src\kyber\mux4to2.v'
Analyzing Verilog file 'C:\Program D\kyber\Gowin_PicoRV32\gowin_picorv32_V2\src\kyber\pattern.v'
Analyzing Verilog file 'C:\Program D\kyber\Gowin_PicoRV32\gowin_picorv32_V2\src\kyber\pw_top _ahb.v'
Undeclared symbol 'reset', assumed default net type 'wire'("C:\Program D\kyber\Gowin_PicoRV32\gowin_picorv32_V2\src\kyber\pw_top _ahb.v":45)
Analyzing Verilog file 'C:\Program D\kyber\Gowin_PicoRV32\gowin_picorv32_V2\src\kyber\reduc.v'
Analyzing Verilog file 'C:\Program D\kyber\Gowin_PicoRV32\gowin_picorv32_V2\src\picorv32_top.v'
Analyzing Verilog file 'C:\Program D\kyber\Gowin_PicoRV32\gowin_picorv32_V2\src\tb_ahbreg.v'
Analyzing Verilog file 'C:\Program D\kyber\Gowin_PicoRV32\gowin_picorv32_V2\src\fifo_sc_hs\fifo_sc_hs.v'
Analyzing VHDL file 'C:\Program D\kyber\Gowin_PicoRV32\gowin_picorv32_V2\src\kyber\Keccak1600.vhd'
Analyzing entity 'keccak1600'("C:\Program D\kyber\Gowin_PicoRV32\gowin_picorv32_V2\src\kyber\Keccak1600.vhd":19)
Analyzing architecture 'structural'("C:\Program D\kyber\Gowin_PicoRV32\gowin_picorv32_V2\src\kyber\Keccak1600.vhd":41)
Analyzing VHDL file 'C:\Program D\kyber\Gowin_PicoRV32\gowin_picorv32_V2\src\kyber\RegisterFDRE.vhd'
Analyzing entity 'registerfdre'("C:\Program D\kyber\Gowin_PicoRV32\gowin_picorv32_V2\src\kyber\RegisterFDRE.vhd":18)
Analyzing architecture 'behavioral'("C:\Program D\kyber\Gowin_PicoRV32\gowin_picorv32_V2\src\kyber\RegisterFDRE.vhd":37)
Analyzing VHDL file 'C:\Program D\kyber\Gowin_PicoRV32\gowin_picorv32_V2\src\kyber\Round.vhd'
Analyzing entity 'round'("C:\Program D\kyber\Gowin_PicoRV32\gowin_picorv32_V2\src\kyber\Round.vhd":19)
Analyzing architecture 'structural'("C:\Program D\kyber\Gowin_PicoRV32\gowin_picorv32_V2\src\kyber\Round.vhd":39)
Analyzing VHDL file 'C:\Program D\kyber\Gowin_PicoRV32\gowin_picorv32_V2\src\kyber\StateMachine.vhd'
Analyzing entity 'statemachine'("C:\Program D\kyber\Gowin_PicoRV32\gowin_picorv32_V2\src\kyber\StateMachine.vhd":19)
Analyzing architecture 'fsm'("C:\Program D\kyber\Gowin_PicoRV32\gowin_picorv32_V2\src\kyber\StateMachine.vhd":35)
Analyzing VHDL file 'C:\Program D\kyber\Gowin_PicoRV32\gowin_picorv32_V2\src\kyber\chi.vhd'
Analyzing entity 'chi'("C:\Program D\kyber\Gowin_PicoRV32\gowin_picorv32_V2\src\kyber\chi.vhd":19)
Analyzing architecture 'dataflow'("C:\Program D\kyber\Gowin_PicoRV32\gowin_picorv32_V2\src\kyber\chi.vhd":28)
Analyzing VHDL file 'C:\Program D\kyber\Gowin_PicoRV32\gowin_picorv32_V2\src\kyber\iota.vhd'
Analyzing entity 'iota'("C:\Program D\kyber\Gowin_PicoRV32\gowin_picorv32_V2\src\kyber\iota.vhd":19)
Analyzing architecture 'dataflow'("C:\Program D\kyber\Gowin_PicoRV32\gowin_picorv32_V2\src\kyber\iota.vhd":29)
Analyzing VHDL file 'C:\Program D\kyber\Gowin_PicoRV32\gowin_picorv32_V2\src\kyber\pi.vhd'
Analyzing entity 'pi'("C:\Program D\kyber\Gowin_PicoRV32\gowin_picorv32_V2\src\kyber\pi.vhd":19)
Analyzing architecture 'dataflow'("C:\Program D\kyber\Gowin_PicoRV32\gowin_picorv32_V2\src\kyber\pi.vhd":28)
Analyzing VHDL file 'C:\Program D\kyber\Gowin_PicoRV32\gowin_picorv32_V2\src\kyber\rho.vhd'
Analyzing entity 'rho'("C:\Program D\kyber\Gowin_PicoRV32\gowin_picorv32_V2\src\kyber\rho.vhd":19)
Analyzing architecture 'dataflow'("C:\Program D\kyber\Gowin_PicoRV32\gowin_picorv32_V2\src\kyber\rho.vhd":28)
Analyzing VHDL file 'C:\Program D\kyber\Gowin_PicoRV32\gowin_picorv32_V2\src\kyber\theta.vhd'
Analyzing entity 'theta'("C:\Program D\kyber\Gowin_PicoRV32\gowin_picorv32_V2\src\kyber\theta.vhd":19)
Analyzing architecture 'dataflow'("C:\Program D\kyber\Gowin_PicoRV32\gowin_picorv32_V2\src\kyber\theta.vhd":28)
WARN  (EX2565) : Port 'irq_in' is not connected on this instance("C:\Program D\kyber\Gowin_PicoRV32\gowin_picorv32_V2\src\picorv32_top.v":89)
WARN  (EX2565) : Port 'jtag_TDI' is not connected on this instance("C:\Program D\kyber\Gowin_PicoRV32\gowin_picorv32_V2\src\picorv32_top.v":89)
WARN  (EX3073) : Port 'jtag_TDO' remains unconnected for this instance("C:\Program D\kyber\Gowin_PicoRV32\gowin_picorv32_V2\src\picorv32_top.v":89)
WARN  (EX2565) : Port 'jtag_TCK' is not connected on this instance("C:\Program D\kyber\Gowin_PicoRV32\gowin_picorv32_V2\src\picorv32_top.v":89)
WARN  (EX2565) : Port 'jtag_TMS' is not connected on this instance("C:\Program D\kyber\Gowin_PicoRV32\gowin_picorv32_V2\src\picorv32_top.v":89)
Compiling module 'Gowin_PicoRV32_template'("C:\Program D\kyber\Gowin_PicoRV32\gowin_picorv32_V2\src\picorv32_top.v":4)
Compiling module '**'("C:\Program D\kyber\Gowin_PicoRV32\gowin_picorv32_V2\src\gowin_picorv32\gowin_picorv32.v":0)
Compiling module '**'("C:\Program D\kyber\Gowin_PicoRV32\gowin_picorv32_V2\src\gowin_picorv32\gowin_picorv32.v":0)
Compiling module '**'("C:\Program D\kyber\Gowin_PicoRV32\gowin_picorv32_V2\src\gowin_picorv32\gowin_picorv32.v":0)
Compiling module '**'("C:\Program D\kyber\Gowin_PicoRV32\gowin_picorv32_V2\src\gowin_picorv32\gowin_picorv32.v":0)
Compiling module '**'("C:\Program D\kyber\Gowin_PicoRV32\gowin_picorv32_V2\src\gowin_picorv32\gowin_picorv32.v":0)
Compiling module '**'("C:\Program D\kyber\Gowin_PicoRV32\gowin_picorv32_V2\src\gowin_picorv32\gowin_picorv32.v":0)
Compiling module '**'("C:\Program D\kyber\Gowin_PicoRV32\gowin_picorv32_V2\src\gowin_picorv32\gowin_picorv32.v":0)
Compiling module '**'("C:\Program D\kyber\Gowin_PicoRV32\gowin_picorv32_V2\src\gowin_picorv32\gowin_picorv32.v":0)
Compiling module '**'("C:\Program D\kyber\Gowin_PicoRV32\gowin_picorv32_V2\src\gowin_picorv32\gowin_picorv32.v":0)
Compiling module '**'("C:\Program D\kyber\Gowin_PicoRV32\gowin_picorv32_V2\src\gowin_picorv32\gowin_picorv32.v":0)
Compiling module '**'("C:\Program D\kyber\Gowin_PicoRV32\gowin_picorv32_V2\src\gowin_picorv32\gowin_picorv32.v":0)
Compiling module '**'("C:\Program D\kyber\Gowin_PicoRV32\gowin_picorv32_V2\src\gowin_picorv32\gowin_picorv32.v":0)
Compiling module '**'("C:\Program D\kyber\Gowin_PicoRV32\gowin_picorv32_V2\src\gowin_picorv32\gowin_picorv32.v":0)
Compiling module '**'("C:\Program D\kyber\Gowin_PicoRV32\gowin_picorv32_V2\src\gowin_picorv32\gowin_picorv32.v":0)
Compiling module '**'("C:\Program D\kyber\Gowin_PicoRV32\gowin_picorv32_V2\src\gowin_picorv32\gowin_picorv32.v":0)
Compiling module '**'("C:\Program D\kyber\Gowin_PicoRV32\gowin_picorv32_V2\src\gowin_picorv32\gowin_picorv32.v":0)
Compiling module '**'("C:\Program D\kyber\Gowin_PicoRV32\gowin_picorv32_V2\src\gowin_picorv32\gowin_picorv32.v":0)
Compiling module '**'("C:\Program D\kyber\Gowin_PicoRV32\gowin_picorv32_V2\src\gowin_picorv32\gowin_picorv32.v":0)
Compiling module '**'("C:\Program D\kyber\Gowin_PicoRV32\gowin_picorv32_V2\src\gowin_picorv32\gowin_picorv32.v":0)
Compiling module '**'("C:\Program D\kyber\Gowin_PicoRV32\gowin_picorv32_V2\src\gowin_picorv32\gowin_picorv32.v":0)
Compiling module '**'("C:\Program D\kyber\Gowin_PicoRV32\gowin_picorv32_V2\src\gowin_picorv32\gowin_picorv32.v":0)
Compiling module '**'("C:\Program D\kyber\Gowin_PicoRV32\gowin_picorv32_V2\src\gowin_picorv32\gowin_picorv32.v":0)
Compiling module '**'("C:\Program D\kyber\Gowin_PicoRV32\gowin_picorv32_V2\src\gowin_picorv32\gowin_picorv32.v":0)
Compiling module '**'("C:\Program D\kyber\Gowin_PicoRV32\gowin_picorv32_V2\src\gowin_picorv32\gowin_picorv32.v":0)
Compiling module '**'("C:\Program D\kyber\Gowin_PicoRV32\gowin_picorv32_V2\src\gowin_picorv32\gowin_picorv32.v":0)
Compiling module '**'("C:\Program D\kyber\Gowin_PicoRV32\gowin_picorv32_V2\src\gowin_picorv32\gowin_picorv32.v":0)
Compiling module '**'("C:\Program D\kyber\Gowin_PicoRV32\gowin_picorv32_V2\src\gowin_picorv32\gowin_picorv32.v":0)
Compiling module '**'("C:\Program D\kyber\Gowin_PicoRV32\gowin_picorv32_V2\src\gowin_picorv32\gowin_picorv32.v":0)
Compiling module '**'("C:\Program D\kyber\Gowin_PicoRV32\gowin_picorv32_V2\src\gowin_picorv32\gowin_picorv32.v":0)
Compiling module '**'("C:\Program D\kyber\Gowin_PicoRV32\gowin_picorv32_V2\src\gowin_picorv32\gowin_picorv32.v":0)
Compiling module '**'("C:\Program D\kyber\Gowin_PicoRV32\gowin_picorv32_V2\src\gowin_picorv32\gowin_picorv32.v":0)
Compiling module '**'("C:\Program D\kyber\Gowin_PicoRV32\gowin_picorv32_V2\src\gowin_picorv32\gowin_picorv32.v":0)
Compiling module '**'("C:\Program D\kyber\Gowin_PicoRV32\gowin_picorv32_V2\src\gowin_picorv32\gowin_picorv32.v":0)
Compiling module '**'("C:\Program D\kyber\Gowin_PicoRV32\gowin_picorv32_V2\src\gowin_picorv32\gowin_picorv32.v":0)
Compiling module '**'("C:\Program D\kyber\Gowin_PicoRV32\gowin_picorv32_V2\src\gowin_picorv32\gowin_picorv32.v":0)
Compiling module '**'("C:\Program D\kyber\Gowin_PicoRV32\gowin_picorv32_V2\src\gowin_picorv32\gowin_picorv32.v":0)
Compiling module '**'("C:\Program D\kyber\Gowin_PicoRV32\gowin_picorv32_V2\src\gowin_picorv32\gowin_picorv32.v":0)
Compiling module '**'("C:\Program D\kyber\Gowin_PicoRV32\gowin_picorv32_V2\src\gowin_picorv32\gowin_picorv32.v":0)
Compiling module '**'("C:\Program D\kyber\Gowin_PicoRV32\gowin_picorv32_V2\src\gowin_picorv32\gowin_picorv32.v":0)
Compiling module '**'("C:\Program D\kyber\Gowin_PicoRV32\gowin_picorv32_V2\src\gowin_picorv32\gowin_picorv32.v":0)
Compiling module '**'("C:\Program D\kyber\Gowin_PicoRV32\gowin_picorv32_V2\src\gowin_picorv32\gowin_picorv32.v":0)
Compiling module '**'("C:\Program D\kyber\Gowin_PicoRV32\gowin_picorv32_V2\src\gowin_picorv32\gowin_picorv32.v":0)
Compiling module '**'("C:\Program D\kyber\Gowin_PicoRV32\gowin_picorv32_V2\src\gowin_picorv32\gowin_picorv32.v":0)
Compiling module '**'("C:\Program D\kyber\Gowin_PicoRV32\gowin_picorv32_V2\src\gowin_picorv32\gowin_picorv32.v":0)
Compiling module '**'("C:\Program D\kyber\Gowin_PicoRV32\gowin_picorv32_V2\src\gowin_picorv32\gowin_picorv32.v":0)
Compiling module '**'("C:\Program D\kyber\Gowin_PicoRV32\gowin_picorv32_V2\src\gowin_picorv32\gowin_picorv32.v":0)
Compiling module '**'("C:\Program D\kyber\Gowin_PicoRV32\gowin_picorv32_V2\src\gowin_picorv32\gowin_picorv32.v":0)
Compiling module '**'("C:\Program D\kyber\Gowin_PicoRV32\gowin_picorv32_V2\src\gowin_picorv32\gowin_picorv32.v":0)
Compiling module '**'("C:\Program D\kyber\Gowin_PicoRV32\gowin_picorv32_V2\src\gowin_picorv32\gowin_picorv32.v":0)
Compiling module '**'("C:\Program D\kyber\Gowin_PicoRV32\gowin_picorv32_V2\src\gowin_picorv32\gowin_picorv32.v":0)
Compiling module '**'("C:\Program D\kyber\Gowin_PicoRV32\gowin_picorv32_V2\src\gowin_picorv32\gowin_picorv32.v":0)
Compiling module '**'("C:\Program D\kyber\Gowin_PicoRV32\gowin_picorv32_V2\src\gowin_picorv32\gowin_picorv32.v":0)
Compiling module '**'("C:\Program D\kyber\Gowin_PicoRV32\gowin_picorv32_V2\src\gowin_picorv32\gowin_picorv32.v":0)
Compiling module '**'("C:\Program D\kyber\Gowin_PicoRV32\gowin_picorv32_V2\src\gowin_picorv32\gowin_picorv32.v":0)
Compiling module '**'("C:\Program D\kyber\Gowin_PicoRV32\gowin_picorv32_V2\src\gowin_picorv32\gowin_picorv32.v":0)
Compiling module '**'("C:\Program D\kyber\Gowin_PicoRV32\gowin_picorv32_V2\src\gowin_picorv32\gowin_picorv32.v":0)
Compiling module '**'("C:\Program D\kyber\Gowin_PicoRV32\gowin_picorv32_V2\src\gowin_picorv32\gowin_picorv32.v":0)
Compiling module '**'("C:\Program D\kyber\Gowin_PicoRV32\gowin_picorv32_V2\src\gowin_picorv32\gowin_picorv32.v":0)
Compiling module '**'("C:\Program D\kyber\Gowin_PicoRV32\gowin_picorv32_V2\src\gowin_picorv32\gowin_picorv32.v":0)
Compiling module '**'("C:\Program D\kyber\Gowin_PicoRV32\gowin_picorv32_V2\src\gowin_picorv32\gowin_picorv32.v":0)
Compiling module '**'("C:\Program D\kyber\Gowin_PicoRV32\gowin_picorv32_V2\src\gowin_picorv32\gowin_picorv32.v":0)
Compiling module '**'("C:\Program D\kyber\Gowin_PicoRV32\gowin_picorv32_V2\src\gowin_picorv32\gowin_picorv32.v":0)
Compiling module '**'("C:\Program D\kyber\Gowin_PicoRV32\gowin_picorv32_V2\src\gowin_picorv32\gowin_picorv32.v":0)
Compiling module '**'("C:\Program D\kyber\Gowin_PicoRV32\gowin_picorv32_V2\src\gowin_picorv32\gowin_picorv32.v":0)
Compiling module '**'("C:\Program D\kyber\Gowin_PicoRV32\gowin_picorv32_V2\src\gowin_picorv32\gowin_picorv32.v":0)
Compiling module '**'("C:\Program D\kyber\Gowin_PicoRV32\gowin_picorv32_V2\src\gowin_picorv32\gowin_picorv32.v":0)
Compiling module '**'("C:\Program D\kyber\Gowin_PicoRV32\gowin_picorv32_V2\src\gowin_picorv32\gowin_picorv32.v":0)
Compiling module '**'("C:\Program D\kyber\Gowin_PicoRV32\gowin_picorv32_V2\src\gowin_picorv32\gowin_picorv32.v":0)
Compiling module '**'("C:\Program D\kyber\Gowin_PicoRV32\gowin_picorv32_V2\src\gowin_picorv32\gowin_picorv32.v":0)
Compiling module '**'("C:\Program D\kyber\Gowin_PicoRV32\gowin_picorv32_V2\src\gowin_picorv32\gowin_picorv32.v":0)
Compiling module '**'("C:\Program D\kyber\Gowin_PicoRV32\gowin_picorv32_V2\src\gowin_picorv32\gowin_picorv32.v":0)
Compiling module '**'("C:\Program D\kyber\Gowin_PicoRV32\gowin_picorv32_V2\src\gowin_picorv32\gowin_picorv32.v":0)
Compiling module '**'("C:\Program D\kyber\Gowin_PicoRV32\gowin_picorv32_V2\src\gowin_picorv32\gowin_picorv32.v":0)
Compiling module '**'("C:\Program D\kyber\Gowin_PicoRV32\gowin_picorv32_V2\src\gowin_picorv32\gowin_picorv32.v":0)
Compiling module '**'("C:\Program D\kyber\Gowin_PicoRV32\gowin_picorv32_V2\src\gowin_picorv32\gowin_picorv32.v":0)
Compiling module '**'("C:\Program D\kyber\Gowin_PicoRV32\gowin_picorv32_V2\src\gowin_picorv32\gowin_picorv32.v":0)
Compiling module '**'("C:\Program D\kyber\Gowin_PicoRV32\gowin_picorv32_V2\src\gowin_picorv32\gowin_picorv32.v":0)
Compiling module '**'("C:\Program D\kyber\Gowin_PicoRV32\gowin_picorv32_V2\src\gowin_picorv32\gowin_picorv32.v":0)
Compiling module '**'("C:\Program D\kyber\Gowin_PicoRV32\gowin_picorv32_V2\src\gowin_picorv32\gowin_picorv32.v":0)
Compiling module '**'("C:\Program D\kyber\Gowin_PicoRV32\gowin_picorv32_V2\src\gowin_picorv32\gowin_picorv32.v":0)
Compiling module '**'("C:\Program D\kyber\Gowin_PicoRV32\gowin_picorv32_V2\src\gowin_picorv32\gowin_picorv32.v":0)
Compiling module '**'("C:\Program D\kyber\Gowin_PicoRV32\gowin_picorv32_V2\src\gowin_picorv32\gowin_picorv32.v":0)
Compiling module '**'("C:\Program D\kyber\Gowin_PicoRV32\gowin_picorv32_V2\src\gowin_picorv32\gowin_picorv32.v":0)
Compiling module '**'("C:\Program D\kyber\Gowin_PicoRV32\gowin_picorv32_V2\src\gowin_picorv32\gowin_picorv32.v":0)
Compiling module '**'("C:\Program D\kyber\Gowin_PicoRV32\gowin_picorv32_V2\src\gowin_picorv32\gowin_picorv32.v":0)
Compiling module '**'("C:\Program D\kyber\Gowin_PicoRV32\gowin_picorv32_V2\src\gowin_picorv32\gowin_picorv32.v":0)
Compiling module '**'("C:\Program D\kyber\Gowin_PicoRV32\gowin_picorv32_V2\src\gowin_picorv32\gowin_picorv32.v":0)
Compiling module '**'("C:\Program D\kyber\Gowin_PicoRV32\gowin_picorv32_V2\src\gowin_picorv32\gowin_picorv32.v":0)
Compiling module '**'("C:\Program D\kyber\Gowin_PicoRV32\gowin_picorv32_V2\src\gowin_picorv32\gowin_picorv32.v":0)
Compiling module '**'("C:\Program D\kyber\Gowin_PicoRV32\gowin_picorv32_V2\src\gowin_picorv32\gowin_picorv32.v":0)
Compiling module '**'("C:\Program D\kyber\Gowin_PicoRV32\gowin_picorv32_V2\src\gowin_picorv32\gowin_picorv32.v":0)
Compiling module '**'("C:\Program D\kyber\Gowin_PicoRV32\gowin_picorv32_V2\src\gowin_picorv32\gowin_picorv32.v":0)
Compiling module '**'("C:\Program D\kyber\Gowin_PicoRV32\gowin_picorv32_V2\src\gowin_picorv32\gowin_picorv32.v":0)
Compiling module '**'("C:\Program D\kyber\Gowin_PicoRV32\gowin_picorv32_V2\src\gowin_picorv32\gowin_picorv32.v":0)
Compiling module '**'("C:\Program D\kyber\Gowin_PicoRV32\gowin_picorv32_V2\src\gowin_picorv32\gowin_picorv32.v":0)
Compiling module '**'("C:\Program D\kyber\Gowin_PicoRV32\gowin_picorv32_V2\src\gowin_picorv32\gowin_picorv32.v":0)
Compiling module '**'("C:\Program D\kyber\Gowin_PicoRV32\gowin_picorv32_V2\src\gowin_picorv32\gowin_picorv32.v":0)
Compiling module '**'("C:\Program D\kyber\Gowin_PicoRV32\gowin_picorv32_V2\src\gowin_picorv32\gowin_picorv32.v":0)
Compiling module '**'("C:\Program D\kyber\Gowin_PicoRV32\gowin_picorv32_V2\src\gowin_picorv32\gowin_picorv32.v":0)
Compiling module '**'("C:\Program D\kyber\Gowin_PicoRV32\gowin_picorv32_V2\src\gowin_picorv32\gowin_picorv32.v":0)
Compiling module '**'("C:\Program D\kyber\Gowin_PicoRV32\gowin_picorv32_V2\src\gowin_picorv32\gowin_picorv32.v":0)
Compiling module 'ahbreg_demo'("C:\Program D\kyber\Gowin_PicoRV32\gowin_picorv32_V2\src\ahbreg.v":2)
Compiling module '**'("C:\Program D\kyber\Gowin_PicoRV32\gowin_picorv32_V2\src\fifo_sc_hs\fifo_sc_hs.v":0)
Compiling module '**'("C:\Program D\kyber\Gowin_PicoRV32\gowin_picorv32_V2\src\fifo_sc_hs\fifo_sc_hs.v":0)
Compiling module '**'("C:\Program D\kyber\Gowin_PicoRV32\gowin_picorv32_V2\src\fifo_hs\fifo_hs.v":0)
Compiling module '**'("C:\Program D\kyber\Gowin_PicoRV32\gowin_picorv32_V2\src\fifo_hs\fifo_hs.v":0)
Compiling module 'RSA_top'("C:\Program D\kyber\Gowin_PicoRV32\gowin_picorv32_V2\src\RSA\RSA_top.v":1)
WARN  (EX2420) : Latch inferred for net 'a[31]'; We do not recommend the use of latches in FPGA designs, as they may lead to timing problems("C:\Program D\kyber\Gowin_PicoRV32\gowin_picorv32_V2\src\RSA\RSA_top.v":25)
Compiling module 'key_gen'("C:\Program D\kyber\Gowin_PicoRV32\gowin_picorv32_V2\src\RSA\key_gen.v":3)
WARN  (EX3780) : Using initial value of 'temp_N' since it is never assigned("C:\Program D\kyber\Gowin_PicoRV32\gowin_picorv32_V2\src\RSA\key_gen.v":15)
Compiling module 'multi_mod'("C:\Program D\kyber\Gowin_PicoRV32\gowin_picorv32_V2\src\RSA\multi_mod.v":1)
Compiling module 'Gowin_MULT'("C:\Program D\kyber\Gowin_PicoRV32\gowin_picorv32_V2\src\RSA\gowin_mult\gowin_mult.v":9)
Compiling module 'Gowin_rPLL'("C:\Program D\kyber\Gowin_PicoRV32\gowin_picorv32_V2\src\kyber\gowin_rpll\gowin_rpll.v":9)
Compiling module 'Kyber_top'("C:\Program D\kyber\Gowin_PicoRV32\gowin_picorv32_V2\src\kyber\kerber_top.v":2)
Compiling module 'Kyber_Client'("C:\Program D\kyber\Gowin_PicoRV32\gowin_picorv32_V2\src\kyber\keyber_client.v":2)
Compiling module 'NTT_core_Client'("C:\Program D\kyber\Gowin_PicoRV32\gowin_picorv32_V2\src\kyber\NTT_core_Client.v":2)
WARN  (EX3791) : Expression size 32 truncated to fit in target size 2("C:\Program D\kyber\Gowin_PicoRV32\gowin_picorv32_V2\src\kyber\NTT_core_Client.v":76)
WARN  (EX3791) : Expression size 7 truncated to fit in target size 6("C:\Program D\kyber\Gowin_PicoRV32\gowin_picorv32_V2\src\kyber\NTT_core_Client.v":130)
WARN  (EX3791) : Expression size 7 truncated to fit in target size 6("C:\Program D\kyber\Gowin_PicoRV32\gowin_picorv32_V2\src\kyber\NTT_core_Client.v":131)
WARN  (EX3791) : Expression size 3 truncated to fit in target size 2("C:\Program D\kyber\Gowin_PicoRV32\gowin_picorv32_V2\src\kyber\NTT_core_Client.v":164)
WARN  (EX3791) : Expression size 25 truncated to fit in target size 24("C:\Program D\kyber\Gowin_PicoRV32\gowin_picorv32_V2\src\kyber\NTT_core_Client.v":194)
WARN  (EX3791) : Expression size 7 truncated to fit in target size 6("C:\Program D\kyber\Gowin_PicoRV32\gowin_picorv32_V2\src\kyber\NTT_core_Client.v":262)
WARN  (EX3791) : Expression size 7 truncated to fit in target size 6("C:\Program D\kyber\Gowin_PicoRV32\gowin_picorv32_V2\src\kyber\NTT_core_Client.v":263)
WARN  (EX3791) : Expression size 13 truncated to fit in target size 12("C:\Program D\kyber\Gowin_PicoRV32\gowin_picorv32_V2\src\kyber\NTT_core_Client.v":420)
WARN  (EX3791) : Expression size 13 truncated to fit in target size 12("C:\Program D\kyber\Gowin_PicoRV32\gowin_picorv32_V2\src\kyber\NTT_core_Client.v":421)
Compiling module 'butterfly_Cli'("C:\Program D\kyber\Gowin_PicoRV32\gowin_picorv32_V2\src\kyber\butterfly_Client.v":2)
WARN  (EX3791) : Expression size 13 truncated to fit in target size 12("C:\Program D\kyber\Gowin_PicoRV32\gowin_picorv32_V2\src\kyber\butterfly_Client.v":155)
WARN  (EX3791) : Expression size 13 truncated to fit in target size 12("C:\Program D\kyber\Gowin_PicoRV32\gowin_picorv32_V2\src\kyber\butterfly_Client.v":156)
WARN  (EX3791) : Expression size 13 truncated to fit in target size 12("C:\Program D\kyber\Gowin_PicoRV32\gowin_picorv32_V2\src\kyber\butterfly_Client.v":166)
WARN  (EX3791) : Expression size 13 truncated to fit in target size 12("C:\Program D\kyber\Gowin_PicoRV32\gowin_picorv32_V2\src\kyber\butterfly_Client.v":167)
Compiling module 'mult_gen_0'("C:\Program D\kyber\Gowin_PicoRV32\gowin_picorv32_V2\src\kyber\gowin_mult\mult_gen_0.v":9)
Compiling module 'reduc'("C:\Program D\kyber\Gowin_PicoRV32\gowin_picorv32_V2\src\kyber\reduc.v":2)
WARN  (EX3791) : Expression size 15 truncated to fit in target size 13("C:\Program D\kyber\Gowin_PicoRV32\gowin_picorv32_V2\src\kyber\reduc.v":46)
WARN  (EX3791) : Expression size 13 truncated to fit in target size 12("C:\Program D\kyber\Gowin_PicoRV32\gowin_picorv32_V2\src\kyber\reduc.v":54)
WARN  (EX3791) : Expression size 13 truncated to fit in target size 12("C:\Program D\kyber\Gowin_PicoRV32\gowin_picorv32_V2\src\kyber\reduc.v":56)
Compiling module '**'("C:\Program D\kyber\Gowin_PicoRV32\gowin_picorv32_V2\src\kyber\RAM_based_shift_reg_top\c_shift_ram_0.v":0)
Compiling module '**'("C:\Program D\kyber\Gowin_PicoRV32\gowin_picorv32_V2\src\kyber\RAM_based_shift_reg_top\c_shift_ram_0.v":0)
Compiling module '**'("C:\Program D\kyber\Gowin_PicoRV32\gowin_picorv32_V2\src\kyber\RAM_based_shift_reg_top\c_shift_ram_1.v":0)
Compiling module '**'("C:\Program D\kyber\Gowin_PicoRV32\gowin_picorv32_V2\src\kyber\RAM_based_shift_reg_top\c_shift_ram_1.v":0)
Compiling module 'dist_mem_gen_5'("C:\Program D\kyber\Gowin_PicoRV32\gowin_picorv32_V2\src\kyber\gowin_prom\dist_mem_gen_5.v":9)
Compiling module 'dist_mem_gen_6'("C:\Program D\kyber\Gowin_PicoRV32\gowin_picorv32_V2\src\kyber\gowin_prom\dist_mem_gen_6.v":9)
Compiling module 'dist_mem_gen_7'("C:\Program D\kyber\Gowin_PicoRV32\gowin_picorv32_V2\src\kyber\gowin_prom\dist_mem_gen_7.v":9)
Compiling module 'blk_mem_gen_0'("C:\Program D\kyber\Gowin_PicoRV32\gowin_picorv32_V2\src\kyber\gowin_sdpb\blk_mem_gen_0.v":9)
Compiling module 'blk_mem_gen_2'("C:\Program D\kyber\Gowin_PicoRV32\gowin_picorv32_V2\src\kyber\gowin_sdpb\blk_mem_gen_2.v":9)
Compiling module 'blk_mem_gen_1'("C:\Program D\kyber\Gowin_PicoRV32\gowin_picorv32_V2\src\kyber\gowin_sdpb\blk_mem_gen_1.v":9)
Compiling module 'mux4to2'("C:\Program D\kyber\Gowin_PicoRV32\gowin_picorv32_V2\src\kyber\mux4to2.v":1)
Compiling module '**'("C:\Program D\kyber\Gowin_PicoRV32\gowin_picorv32_V2\src\kyber\RAM_based_shift_reg_top\c_shift_ram_3.v":0)
Compiling module '**'("C:\Program D\kyber\Gowin_PicoRV32\gowin_picorv32_V2\src\kyber\RAM_based_shift_reg_top\c_shift_ram_3.v":0)
Compiling module '**'("C:\Program D\kyber\Gowin_PicoRV32\gowin_picorv32_V2\src\kyber\RAM_based_shift_reg_top\c_shift_ram_4.v":0)
Compiling module '**'("C:\Program D\kyber\Gowin_PicoRV32\gowin_picorv32_V2\src\kyber\RAM_based_shift_reg_top\c_shift_ram_4.v":0)
Compiling module '**'("C:\Program D\kyber\Gowin_PicoRV32\gowin_picorv32_V2\src\kyber\RAM_based_shift_reg_top\c_shift_ram_5.v":0)
Compiling module '**'("C:\Program D\kyber\Gowin_PicoRV32\gowin_picorv32_V2\src\kyber\RAM_based_shift_reg_top\c_shift_ram_5.v":0)
Compiling module '**'("C:\Program D\kyber\Gowin_PicoRV32\gowin_picorv32_V2\src\kyber\RAM_based_shift_reg_top\c_shift_ram_6.v":0)
Compiling module '**'("C:\Program D\kyber\Gowin_PicoRV32\gowin_picorv32_V2\src\kyber\RAM_based_shift_reg_top\c_shift_ram_6.v":0)
Compiling module '**'("C:\Program D\kyber\Gowin_PicoRV32\gowin_picorv32_V2\src\kyber\RAM_based_shift_reg_top\c_shift_ram_8.v":0)
Compiling module '**'("C:\Program D\kyber\Gowin_PicoRV32\gowin_picorv32_V2\src\kyber\RAM_based_shift_reg_top\c_shift_ram_8.v":0)
Compiling module '**'("C:\Program D\kyber\Gowin_PicoRV32\gowin_picorv32_V2\src\kyber\RAM_based_shift_reg_top\c_shift_ram_11.v":0)
Compiling module '**'("C:\Program D\kyber\Gowin_PicoRV32\gowin_picorv32_V2\src\kyber\RAM_based_shift_reg_top\c_shift_ram_11.v":0)
WARN  (EX3670) : Actual bit length 2 differs from formal bit length 1 for port 'start'("C:\Program D\kyber\Gowin_PicoRV32\gowin_picorv32_V2\src\kyber\keyber_client.v":476)
Compiling module 'hash_core_Client'("C:\Program D\kyber\Gowin_PicoRV32\gowin_picorv32_V2\src\kyber\hash_core_Client.v":1)
Switching to VHDL mode to elaborate design unit 'Keccak1600'("C:\Program D\kyber\Gowin_PicoRV32\gowin_picorv32_V2\src\kyber\hash_core_Client.v":192)
Processing 'Keccak1600(Structural)'("C:\Program D\kyber\Gowin_PicoRV32\gowin_picorv32_V2\src\kyber\Keccak1600.vhd":19)
Processing 'Round(Structural)'("C:\Program D\kyber\Gowin_PicoRV32\gowin_picorv32_V2\src\kyber\Round.vhd":19)
Processing 'RegisterFDRE(size=1600)(Behavioral)'("C:\Program D\kyber\Gowin_PicoRV32\gowin_picorv32_V2\src\kyber\RegisterFDRE.vhd":18)
Processing 'theta(Dataflow)'("C:\Program D\kyber\Gowin_PicoRV32\gowin_picorv32_V2\src\kyber\theta.vhd":19)
Processing 'rho(Dataflow)'("C:\Program D\kyber\Gowin_PicoRV32\gowin_picorv32_V2\src\kyber\rho.vhd":19)
Processing 'pi(Dataflow)'("C:\Program D\kyber\Gowin_PicoRV32\gowin_picorv32_V2\src\kyber\pi.vhd":19)
Processing 'chi(Dataflow)'("C:\Program D\kyber\Gowin_PicoRV32\gowin_picorv32_V2\src\kyber\chi.vhd":19)
Processing 'iota(Dataflow)'("C:\Program D\kyber\Gowin_PicoRV32\gowin_picorv32_V2\src\kyber\iota.vhd":19)
Processing 'StateMachine(FSM)'("C:\Program D\kyber\Gowin_PicoRV32\gowin_picorv32_V2\src\kyber\StateMachine.vhd":19)
Returning to Verilog mode to proceed with elaboration("C:\Program D\kyber\Gowin_PicoRV32\gowin_picorv32_V2\src\kyber\hash_core_Client.v":192)
Compiling module '**'("C:\Program D\kyber\Gowin_PicoRV32\gowin_picorv32_V2\src\kyber\fifo_sc_hs\fifo_generator_0.v":0)
Compiling module '**'("C:\Program D\kyber\Gowin_PicoRV32\gowin_picorv32_V2\src\kyber\fifo_sc_hs\fifo_generator_0.v":0)
Compiling module '**'("C:\Program D\kyber\Gowin_PicoRV32\gowin_picorv32_V2\src\kyber\fifo_sc_hs\fifo_generator_1.v":0)
Compiling module '**'("C:\Program D\kyber\Gowin_PicoRV32\gowin_picorv32_V2\src\kyber\fifo_sc_hs\fifo_generator_1.v":0)
Compiling module '**'("C:\Program D\kyber\Gowin_PicoRV32\gowin_picorv32_V2\src\kyber\fifo_sc_hs\fifo_generator_7.v":0)
Compiling module '**'("C:\Program D\kyber\Gowin_PicoRV32\gowin_picorv32_V2\src\kyber\fifo_sc_hs\fifo_generator_7.v":0)
Compiling module '**'("C:\Program D\kyber\Gowin_PicoRV32\gowin_picorv32_V2\src\kyber\fifo_sc_hs\fifo_generator_8.v":0)
Compiling module '**'("C:\Program D\kyber\Gowin_PicoRV32\gowin_picorv32_V2\src\kyber\fifo_sc_hs\fifo_generator_8.v":0)
Compiling module 'decode_keccak'("C:\Program D\kyber\Gowin_PicoRV32\gowin_picorv32_V2\src\kyber\decode_keccak.v":3)
Compiling module 'decode_Client'("C:\Program D\kyber\Gowin_PicoRV32\gowin_picorv32_V2\src\kyber\decode_Client.v":2)
Compiling module 'encode_Client'("C:\Program D\kyber\Gowin_PicoRV32\gowin_picorv32_V2\src\kyber\encode_Client.v":2)
Compiling module 'pattern'("C:\Program D\kyber\Gowin_PicoRV32\gowin_picorv32_V2\src\kyber\pattern.v":1)
Compiling module '**'("C:\Program D\kyber\Gowin_PicoRV32\gowin_picorv32_V2\src\kyber\fifo_sc_hs\fifo_generator_2.v":0)
Compiling module '**'("C:\Program D\kyber\Gowin_PicoRV32\gowin_picorv32_V2\src\kyber\fifo_sc_hs\fifo_generator_2.v":0)
Compiling module '**'("C:\Program D\kyber\Gowin_PicoRV32\gowin_picorv32_V2\src\kyber\fifo_sc_hs\fifo_generator_3.v":0)
Compiling module '**'("C:\Program D\kyber\Gowin_PicoRV32\gowin_picorv32_V2\src\kyber\fifo_sc_hs\fifo_generator_3.v":0)
WARN  (EX3670) : Actual bit length 32 differs from formal bit length 34 for port 'Data'("C:\Program D\kyber\Gowin_PicoRV32\gowin_picorv32_V2\src\kyber\keyber_client.v":529)
WARN  (EX3670) : Actual bit length 32 differs from formal bit length 34 for port 'Q'("C:\Program D\kyber\Gowin_PicoRV32\gowin_picorv32_V2\src\kyber\keyber_client.v":529)
Compiling module '**'("C:\Program D\kyber\Gowin_PicoRV32\gowin_picorv32_V2\src\kyber\fifo_sc_hs\fifo_generator_6.v":0)
Compiling module '**'("C:\Program D\kyber\Gowin_PicoRV32\gowin_picorv32_V2\src\kyber\fifo_sc_hs\fifo_generator_6.v":0)
WARN  (EX1998) : Net 'm[31]' does not have a driver("C:\Program D\kyber\Gowin_PicoRV32\gowin_picorv32_V2\src\ahbreg.v":209)
WARN  (EX1998) : Net 'm_ready' does not have a driver("C:\Program D\kyber\Gowin_PicoRV32\gowin_picorv32_V2\src\ahbreg.v":210)
WARN  (EX1998) : Net 'ct_dout_t[255]' does not have a driver("C:\Program D\kyber\Gowin_PicoRV32\gowin_picorv32_V2\src\ahbreg.v":211)
WARN  (EX3670) : Actual bit length 3 differs from formal bit length 1 for port 'hsize'("C:\Program D\kyber\Gowin_PicoRV32\gowin_picorv32_V2\src\picorv32_top.v":100)
WARN  (EX3670) : Actual bit length 3 differs from formal bit length 1 for port 'hburst'("C:\Program D\kyber\Gowin_PicoRV32\gowin_picorv32_V2\src\picorv32_top.v":101)
WARN  (EX1987) : Input port 'irq_in[31]' is not connected on this instance("C:\Program D\kyber\Gowin_PicoRV32\gowin_picorv32_V2\src\picorv32_top.v":89)
WARN  (EX1987) : Input port 'irq_in[30]' is not connected on this instance("C:\Program D\kyber\Gowin_PicoRV32\gowin_picorv32_V2\src\picorv32_top.v":89)
WARN  (EX1987) : Input port 'irq_in[29]' is not connected on this instance("C:\Program D\kyber\Gowin_PicoRV32\gowin_picorv32_V2\src\picorv32_top.v":89)
WARN  (EX1987) : Input port 'irq_in[28]' is not connected on this instance("C:\Program D\kyber\Gowin_PicoRV32\gowin_picorv32_V2\src\picorv32_top.v":89)
WARN  (EX1987) : Input port 'irq_in[27]' is not connected on this instance("C:\Program D\kyber\Gowin_PicoRV32\gowin_picorv32_V2\src\picorv32_top.v":89)
WARN  (EX1987) : Input port 'irq_in[26]' is not connected on this instance("C:\Program D\kyber\Gowin_PicoRV32\gowin_picorv32_V2\src\picorv32_top.v":89)
WARN  (EX1987) : Input port 'irq_in[25]' is not connected on this instance("C:\Program D\kyber\Gowin_PicoRV32\gowin_picorv32_V2\src\picorv32_top.v":89)
WARN  (EX1987) : Input port 'irq_in[24]' is not connected on this instance("C:\Program D\kyber\Gowin_PicoRV32\gowin_picorv32_V2\src\picorv32_top.v":89)
WARN  (EX1987) : Input port 'irq_in[23]' is not connected on this instance("C:\Program D\kyber\Gowin_PicoRV32\gowin_picorv32_V2\src\picorv32_top.v":89)
WARN  (EX1987) : Input port 'irq_in[22]' is not connected on this instance("C:\Program D\kyber\Gowin_PicoRV32\gowin_picorv32_V2\src\picorv32_top.v":89)
WARN  (EX1987) : Input port 'irq_in[21]' is not connected on this instance("C:\Program D\kyber\Gowin_PicoRV32\gowin_picorv32_V2\src\picorv32_top.v":89)
WARN  (EX1987) : Input port 'irq_in[20]' is not connected on this instance("C:\Program D\kyber\Gowin_PicoRV32\gowin_picorv32_V2\src\picorv32_top.v":89)
WARN  (EX1947) : Input port 'jtag_TDI' remains unconnected for this instance("C:\Program D\kyber\Gowin_PicoRV32\gowin_picorv32_V2\src\picorv32_top.v":89)
WARN  (EX1947) : Input port 'jtag_TCK' remains unconnected for this instance("C:\Program D\kyber\Gowin_PicoRV32\gowin_picorv32_V2\src\picorv32_top.v":89)
WARN  (EX1947) : Input port 'jtag_TMS' remains unconnected for this instance("C:\Program D\kyber\Gowin_PicoRV32\gowin_picorv32_V2\src\picorv32_top.v":89)
NOTE  (EX0101) : Current top module is "Gowin_PicoRV32_template"
WARN  (EX0211) : The output port "ahbreg0[3]" of module "ahbreg_demo" has no driver("C:\Program D\kyber\Gowin_PicoRV32\gowin_picorv32_V2\src\ahbreg.v":16)
WARN  (EX0211) : The output port "ahbreg0[2]" of module "ahbreg_demo" has no driver("C:\Program D\kyber\Gowin_PicoRV32\gowin_picorv32_V2\src\ahbreg.v":16)
WARN  (EX0211) : The output port "ahbreg0[1]" of module "ahbreg_demo" has no driver("C:\Program D\kyber\Gowin_PicoRV32\gowin_picorv32_V2\src\ahbreg.v":16)
WARN  (EX0211) : The output port "ahbreg0[0]" of module "ahbreg_demo" has no driver("C:\Program D\kyber\Gowin_PicoRV32\gowin_picorv32_V2\src\ahbreg.v":16)
WARN  (EX0211) : The output port "ready_pk" of module "Kyber_top" has no driver("C:\Program D\kyber\Gowin_PicoRV32\gowin_picorv32_V2\src\kyber\kerber_top.v":6)
WARN  (EX0211) : The output port "req_c" of module "Kyber_top" has no driver("C:\Program D\kyber\Gowin_PicoRV32\gowin_picorv32_V2\src\kyber\kerber_top.v":7)
WARN  (EX0211) : The output port "valid_server" of module "Kyber_top" has no driver("C:\Program D\kyber\Gowin_PicoRV32\gowin_picorv32_V2\src\kyber\kerber_top.v":8)
WARN  (EX0211) : The output port "dout_server[31]" of module "Kyber_top" has no driver("C:\Program D\kyber\Gowin_PicoRV32\gowin_picorv32_V2\src\kyber\kerber_top.v":9)
WARN  (EX0211) : The output port "dout_server[30]" of module "Kyber_top" has no driver("C:\Program D\kyber\Gowin_PicoRV32\gowin_picorv32_V2\src\kyber\kerber_top.v":9)
WARN  (EX0211) : The output port "dout_server[29]" of module "Kyber_top" has no driver("C:\Program D\kyber\Gowin_PicoRV32\gowin_picorv32_V2\src\kyber\kerber_top.v":9)
WARN  (EX0211) : The output port "dout_server[28]" of module "Kyber_top" has no driver("C:\Program D\kyber\Gowin_PicoRV32\gowin_picorv32_V2\src\kyber\kerber_top.v":9)
WARN  (EX0211) : The output port "dout_server[27]" of module "Kyber_top" has no driver("C:\Program D\kyber\Gowin_PicoRV32\gowin_picorv32_V2\src\kyber\kerber_top.v":9)
WARN  (EX0211) : The output port "dout_server[26]" of module "Kyber_top" has no driver("C:\Program D\kyber\Gowin_PicoRV32\gowin_picorv32_V2\src\kyber\kerber_top.v":9)
WARN  (EX0211) : The output port "dout_server[25]" of module "Kyber_top" has no driver("C:\Program D\kyber\Gowin_PicoRV32\gowin_picorv32_V2\src\kyber\kerber_top.v":9)
WARN  (EX0211) : The output port "dout_server[24]" of module "Kyber_top" has no driver("C:\Program D\kyber\Gowin_PicoRV32\gowin_picorv32_V2\src\kyber\kerber_top.v":9)
WARN  (EX0211) : The output port "dout_server[23]" of module "Kyber_top" has no driver("C:\Program D\kyber\Gowin_PicoRV32\gowin_picorv32_V2\src\kyber\kerber_top.v":9)
WARN  (EX0211) : The output port "dout_server[22]" of module "Kyber_top" has no driver("C:\Program D\kyber\Gowin_PicoRV32\gowin_picorv32_V2\src\kyber\kerber_top.v":9)
WARN  (EX0211) : The output port "dout_server[21]" of module "Kyber_top" has no driver("C:\Program D\kyber\Gowin_PicoRV32\gowin_picorv32_V2\src\kyber\kerber_top.v":9)
WARN  (EX0211) : The output port "dout_server[20]" of module "Kyber_top" has no driver("C:\Program D\kyber\Gowin_PicoRV32\gowin_picorv32_V2\src\kyber\kerber_top.v":9)
WARN  (EX0211) : The output port "dout_server[19]" of module "Kyber_top" has no driver("C:\Program D\kyber\Gowin_PicoRV32\gowin_picorv32_V2\src\kyber\kerber_top.v":9)
WARN  (EX0211) : The output port "dout_server[18]" of module "Kyber_top" has no driver("C:\Program D\kyber\Gowin_PicoRV32\gowin_picorv32_V2\src\kyber\kerber_top.v":9)
WARN  (EX0211) : The output port "dout_server[17]" of module "Kyber_top" has no driver("C:\Program D\kyber\Gowin_PicoRV32\gowin_picorv32_V2\src\kyber\kerber_top.v":9)
WARN  (EX0211) : The output port "dout_server[16]" of module "Kyber_top" has no driver("C:\Program D\kyber\Gowin_PicoRV32\gowin_picorv32_V2\src\kyber\kerber_top.v":9)
WARN  (EX0211) : The output port "dout_server[15]" of module "Kyber_top" has no driver("C:\Program D\kyber\Gowin_PicoRV32\gowin_picorv32_V2\src\kyber\kerber_top.v":9)
WARN  (EX0211) : The output port "dout_server[14]" of module "Kyber_top" has no driver("C:\Program D\kyber\Gowin_PicoRV32\gowin_picorv32_V2\src\kyber\kerber_top.v":9)
WARN  (EX0211) : The output port "dout_server[13]" of module "Kyber_top" has no driver("C:\Program D\kyber\Gowin_PicoRV32\gowin_picorv32_V2\src\kyber\kerber_top.v":9)
WARN  (EX0211) : The output port "dout_server[12]" of module "Kyber_top" has no driver("C:\Program D\kyber\Gowin_PicoRV32\gowin_picorv32_V2\src\kyber\kerber_top.v":9)
WARN  (EX0211) : The output port "dout_server[11]" of module "Kyber_top" has no driver("C:\Program D\kyber\Gowin_PicoRV32\gowin_picorv32_V2\src\kyber\kerber_top.v":9)
WARN  (EX0211) : The output port "dout_server[10]" of module "Kyber_top" has no driver("C:\Program D\kyber\Gowin_PicoRV32\gowin_picorv32_V2\src\kyber\kerber_top.v":9)
WARN  (EX0211) : The output port "dout_server[9]" of module "Kyber_top" has no driver("C:\Program D\kyber\Gowin_PicoRV32\gowin_picorv32_V2\src\kyber\kerber_top.v":9)
WARN  (EX0211) : The output port "dout_server[8]" of module "Kyber_top" has no driver("C:\Program D\kyber\Gowin_PicoRV32\gowin_picorv32_V2\src\kyber\kerber_top.v":9)
WARN  (EX0211) : The output port "dout_server[7]" of module "Kyber_top" has no driver("C:\Program D\kyber\Gowin_PicoRV32\gowin_picorv32_V2\src\kyber\kerber_top.v":9)
WARN  (EX0211) : The output port "dout_server[6]" of module "Kyber_top" has no driver("C:\Program D\kyber\Gowin_PicoRV32\gowin_picorv32_V2\src\kyber\kerber_top.v":9)
WARN  (EX0211) : The output port "dout_server[5]" of module "Kyber_top" has no driver("C:\Program D\kyber\Gowin_PicoRV32\gowin_picorv32_V2\src\kyber\kerber_top.v":9)
WARN  (EX0211) : The output port "dout_server[4]" of module "Kyber_top" has no driver("C:\Program D\kyber\Gowin_PicoRV32\gowin_picorv32_V2\src\kyber\kerber_top.v":9)
WARN  (EX0211) : The output port "dout_server[3]" of module "Kyber_top" has no driver("C:\Program D\kyber\Gowin_PicoRV32\gowin_picorv32_V2\src\kyber\kerber_top.v":9)
WARN  (EX0211) : The output port "dout_server[2]" of module "Kyber_top" has no driver("C:\Program D\kyber\Gowin_PicoRV32\gowin_picorv32_V2\src\kyber\kerber_top.v":9)
WARN  (EX0211) : The output port "dout_server[1]" of module "Kyber_top" has no driver("C:\Program D\kyber\Gowin_PicoRV32\gowin_picorv32_V2\src\kyber\kerber_top.v":9)
WARN  (EX0211) : The output port "dout_server[0]" of module "Kyber_top" has no driver("C:\Program D\kyber\Gowin_PicoRV32\gowin_picorv32_V2\src\kyber\kerber_top.v":9)
[5%] Running netlist conversion ...
WARN  (CV0003) : Output "ahbreg_test[0]" has undriven bits, assigning undriven bits to Z, simulation mismatch possible("C:\Program D\kyber\Gowin_PicoRV32\gowin_picorv32_V2\src\picorv32_top.v":34)
WARN  (CV0003) : Output "ahbreg_test[1]" has undriven bits, assigning undriven bits to Z, simulation mismatch possible("C:\Program D\kyber\Gowin_PicoRV32\gowin_picorv32_V2\src\picorv32_top.v":34)
WARN  (CV0003) : Output "ahbreg_test[2]" has undriven bits, assigning undriven bits to Z, simulation mismatch possible("C:\Program D\kyber\Gowin_PicoRV32\gowin_picorv32_V2\src\picorv32_top.v":34)
WARN  (CV0003) : Output "ahbreg_test[3]" has undriven bits, assigning undriven bits to Z, simulation mismatch possible("C:\Program D\kyber\Gowin_PicoRV32\gowin_picorv32_V2\src\picorv32_top.v":34)
Running device independent optimization ...
WARN  (DI0002) : Asynchronous register "i[0]" initial values do not match with the Gowin library, simulation mismatch possible("C:\Program D\kyber\Gowin_PicoRV32\gowin_picorv32_V2\src\RSA\RSA_top.v":76)
[10%] Optimizing Phase 0 completed
[15%] Optimizing Phase 1 completed
[25%] Optimizing Phase 2 completed
Running inference ...
[30%] Inferring Phase 0 completed
[40%] Inferring Phase 1 completed
[50%] Inferring Phase 2 completed
[55%] Inferring Phase 3 completed
Running technical mapping ...
[60%] Tech-Mapping Phase 0 completed
[65%] Tech-Mapping Phase 1 completed
[75%] Tech-Mapping Phase 2 completed
[80%] Tech-Mapping Phase 3 completed
[90%] Tech-Mapping Phase 4 completed
WARN  (NL0002) : The module "Kyber_top" instantiated to "Kyber_top_inst" is swept in optimizing("C:\Program D\kyber\Gowin_PicoRV32\gowin_picorv32_V2\src\ahbreg.v":240)
WARN  (NL0002) : The module "Kyber_Client" instantiated to "C" is swept in optimizing("C:\Program D\kyber\Gowin_PicoRV32\gowin_picorv32_V2\src\kyber\kerber_top.v":44)
WARN  (NL0002) : The module "fifo_generator_6" instantiated to "DFIFO" is swept in optimizing("C:\Program D\kyber\Gowin_PicoRV32\gowin_picorv32_V2\src\kyber\keyber_client.v":530)
WARN  (NL0002) : The module "~fifo_sc_hs.fifo_generator_6" instantiated to "fifo_sc_hs_inst" is swept in optimizing("C:\Program D\kyber\Gowin_PicoRV32\gowin_picorv32_V2\src\kyber\fifo_sc_hs\fifo_generator_6.v":0)
WARN  (NL0002) : The module "fifo_generator_2" instantiated to "IFIFO" is swept in optimizing("C:\Program D\kyber\Gowin_PicoRV32\gowin_picorv32_V2\src\kyber\keyber_client.v":528)
WARN  (NL0002) : The module "~fifo_sc_hs.fifo_generator_2" instantiated to "fifo_sc_hs_inst" is swept in optimizing("C:\Program D\kyber\Gowin_PicoRV32\gowin_picorv32_V2\src\kyber\fifo_sc_hs\fifo_generator_2.v":0)
WARN  (NL0002) : The module "fifo_generator_3" instantiated to "OFIFO" is swept in optimizing("C:\Program D\kyber\Gowin_PicoRV32\gowin_picorv32_V2\src\kyber\keyber_client.v":529)
WARN  (NL0002) : The module "~fifo_sc_hs.fifo_generator_3" instantiated to "fifo_sc_hs_inst" is swept in optimizing("C:\Program D\kyber\Gowin_PicoRV32\gowin_picorv32_V2\src\kyber\fifo_sc_hs\fifo_generator_3.v":0)
WARN  (NL0002) : The module "decode_Client" instantiated to "decode" is swept in optimizing("C:\Program D\kyber\Gowin_PicoRV32\gowin_picorv32_V2\src\kyber\keyber_client.v":524)
WARN  (NL0002) : The module "encode_Client" instantiated to "encode" is swept in optimizing("C:\Program D\kyber\Gowin_PicoRV32\gowin_picorv32_V2\src\kyber\keyber_client.v":525)
WARN  (NL0002) : The module "hash_core_Client" instantiated to "hash" is swept in optimizing("C:\Program D\kyber\Gowin_PicoRV32\gowin_picorv32_V2\src\kyber\keyber_client.v":522)
WARN  (NL0002) : The module "decode_keccak" instantiated to "decode" is swept in optimizing("C:\Program D\kyber\Gowin_PicoRV32\gowin_picorv32_V2\src\kyber\hash_core_Client.v":197)
WARN  (NL0002) : The module "fifo_generator_0" instantiated to "fifo0" is swept in optimizing("C:\Program D\kyber\Gowin_PicoRV32\gowin_picorv32_V2\src\kyber\hash_core_Client.v":193)
WARN  (NL0002) : The module "~fifo_sc_hs.fifo_generator_0" instantiated to "fifo_sc_hs_inst" is swept in optimizing("C:\Program D\kyber\Gowin_PicoRV32\gowin_picorv32_V2\src\kyber\fifo_sc_hs\fifo_generator_0.v":0)
WARN  (NL0002) : The module "fifo_generator_1" instantiated to "fifo1" is swept in optimizing("C:\Program D\kyber\Gowin_PicoRV32\gowin_picorv32_V2\src\kyber\hash_core_Client.v":194)
WARN  (NL0002) : The module "~fifo_sc_hs.fifo_generator_1" instantiated to "fifo_sc_hs_inst" is swept in optimizing("C:\Program D\kyber\Gowin_PicoRV32\gowin_picorv32_V2\src\kyber\fifo_sc_hs\fifo_generator_1.v":0)
WARN  (NL0002) : The module "fifo_generator_7" instantiated to "fifo2" is swept in optimizing("C:\Program D\kyber\Gowin_PicoRV32\gowin_picorv32_V2\src\kyber\hash_core_Client.v":195)
WARN  (NL0002) : The module "~fifo_sc_hs.fifo_generator_7" instantiated to "fifo_sc_hs_inst" is swept in optimizing("C:\Program D\kyber\Gowin_PicoRV32\gowin_picorv32_V2\src\kyber\fifo_sc_hs\fifo_generator_7.v":0)
WARN  (NL0002) : The module "fifo_generator_8" instantiated to "fifo8" is swept in optimizing("C:\Program D\kyber\Gowin_PicoRV32\gowin_picorv32_V2\src\kyber\hash_core_Client.v":196)
WARN  (NL0002) : The module "~fifo_sc_hs.fifo_generator_8" instantiated to "fifo_sc_hs_inst" is swept in optimizing("C:\Program D\kyber\Gowin_PicoRV32\gowin_picorv32_V2\src\kyber\fifo_sc_hs\fifo_generator_8.v":0)
WARN  (NL0002) : The module "Keccak1600" instantiated to "hash" is swept in optimizing("C:\Program D\kyber\Gowin_PicoRV32\gowin_picorv32_V2\src\kyber\hash_core_Client.v":192)
WARN  (NL0002) : The module "StateMachine" instantiated to "FSM" is swept in optimizing("C:\Program D\kyber\Gowin_PicoRV32\gowin_picorv32_V2\src\kyber\Keccak1600.vhd":102)
WARN  (NL0002) : The module "Round" instantiated to "RoundFunction" is swept in optimizing("C:\Program D\kyber\Gowin_PicoRV32\gowin_picorv32_V2\src\kyber\Keccak1600.vhd":85)
WARN  (NL0002) : The module "chi" instantiated to "C" is swept in optimizing("C:\Program D\kyber\Gowin_PicoRV32\gowin_picorv32_V2\src\kyber\Round.vhd":115)
WARN  (NL0002) : The module "iota" instantiated to "I" is swept in optimizing("C:\Program D\kyber\Gowin_PicoRV32\gowin_picorv32_V2\src\kyber\Round.vhd":116)
WARN  (NL0002) : The module "pi" instantiated to "P" is swept in optimizing("C:\Program D\kyber\Gowin_PicoRV32\gowin_picorv32_V2\src\kyber\Round.vhd":114)
WARN  (NL0002) : The module "rho" instantiated to "R" is swept in optimizing("C:\Program D\kyber\Gowin_PicoRV32\gowin_picorv32_V2\src\kyber\Round.vhd":113)
WARN  (NL0002) : The module "RegisterFDRE" instantiated to "Reg" is swept in optimizing("C:\Program D\kyber\Gowin_PicoRV32\gowin_picorv32_V2\src\kyber\Round.vhd":89)
WARN  (NL0002) : The module "theta" instantiated to "T" is swept in optimizing("C:\Program D\kyber\Gowin_PicoRV32\gowin_picorv32_V2\src\kyber\Round.vhd":112)
WARN  (NL0002) : The module "NTT_core_Client" instantiated to "ntt" is swept in optimizing("C:\Program D\kyber\Gowin_PicoRV32\gowin_picorv32_V2\src\kyber\keyber_client.v":491)
WARN  (NL0002) : The module "butterfly_Cli" instantiated to "BU" is swept in optimizing("C:\Program D\kyber\Gowin_PicoRV32\gowin_picorv32_V2\src\kyber\NTT_core_Client.v":480)
WARN  (NL0002) : The module "mult_gen_0" instantiated to "M0" is swept in optimizing("C:\Program D\kyber\Gowin_PicoRV32\gowin_picorv32_V2\src\kyber\butterfly_Client.v":180)
WARN  (NL0002) : The module "mult_gen_0" instantiated to "M1" is swept in optimizing("C:\Program D\kyber\Gowin_PicoRV32\gowin_picorv32_V2\src\kyber\butterfly_Client.v":181)
WARN  (NL0002) : The module "reduc" instantiated to "R0" is swept in optimizing("C:\Program D\kyber\Gowin_PicoRV32\gowin_picorv32_V2\src\kyber\butterfly_Client.v":183)
WARN  (NL0002) : The module "reduc" instantiated to "R1" is swept in optimizing("C:\Program D\kyber\Gowin_PicoRV32\gowin_picorv32_V2\src\kyber\butterfly_Client.v":184)
WARN  (NL0002) : The module "c_shift_ram_0" instantiated to "S0" is swept in optimizing("C:\Program D\kyber\Gowin_PicoRV32\gowin_picorv32_V2\src\kyber\butterfly_Client.v":186)
WARN  (NL0002) : The module "~RAM_based_shift_reg.c_shift_ram_0" instantiated to "u_RAM_based_shift_reg" is swept in optimizing("C:\Program D\kyber\Gowin_PicoRV32\gowin_picorv32_V2\src\kyber\RAM_based_shift_reg_top\c_shift_ram_0.v":0)
WARN  (NL0002) : The module "c_shift_ram_0" instantiated to "S1" is swept in optimizing("C:\Program D\kyber\Gowin_PicoRV32\gowin_picorv32_V2\src\kyber\butterfly_Client.v":187)
WARN  (NL0002) : The module "~RAM_based_shift_reg.c_shift_ram_0" instantiated to "u_RAM_based_shift_reg" is swept in optimizing("C:\Program D\kyber\Gowin_PicoRV32\gowin_picorv32_V2\src\kyber\RAM_based_shift_reg_top\c_shift_ram_0.v":0)
WARN  (NL0002) : The module "c_shift_ram_1" instantiated to "S2" is swept in optimizing("C:\Program D\kyber\Gowin_PicoRV32\gowin_picorv32_V2\src\kyber\butterfly_Client.v":188)
WARN  (NL0002) : The module "~RAM_based_shift_reg.c_shift_ram_1" instantiated to "u_RAM_based_shift_reg" is swept in optimizing("C:\Program D\kyber\Gowin_PicoRV32\gowin_picorv32_V2\src\kyber\RAM_based_shift_reg_top\c_shift_ram_1.v":0)
WARN  (NL0002) : The module "c_shift_ram_1" instantiated to "S3" is swept in optimizing("C:\Program D\kyber\Gowin_PicoRV32\gowin_picorv32_V2\src\kyber\butterfly_Client.v":189)
WARN  (NL0002) : The module "~RAM_based_shift_reg.c_shift_ram_1" instantiated to "u_RAM_based_shift_reg" is swept in optimizing("C:\Program D\kyber\Gowin_PicoRV32\gowin_picorv32_V2\src\kyber\RAM_based_shift_reg_top\c_shift_ram_1.v":0)
WARN  (NL0002) : The module "blk_mem_gen_0" instantiated to "RAM0" is swept in optimizing("C:\Program D\kyber\Gowin_PicoRV32\gowin_picorv32_V2\src\kyber\NTT_core_Client.v":486)
WARN  (NL0002) : The module "blk_mem_gen_0" instantiated to "RAM1" is swept in optimizing("C:\Program D\kyber\Gowin_PicoRV32\gowin_picorv32_V2\src\kyber\NTT_core_Client.v":487)
WARN  (NL0002) : The module "blk_mem_gen_2" instantiated to "RAM2" is swept in optimizing("C:\Program D\kyber\Gowin_PicoRV32\gowin_picorv32_V2\src\kyber\NTT_core_Client.v":488)
WARN  (NL0002) : The module "blk_mem_gen_2" instantiated to "RAM3" is swept in optimizing("C:\Program D\kyber\Gowin_PicoRV32\gowin_picorv32_V2\src\kyber\NTT_core_Client.v":489)
WARN  (NL0002) : The module "blk_mem_gen_1" instantiated to "RAM4" is swept in optimizing("C:\Program D\kyber\Gowin_PicoRV32\gowin_picorv32_V2\src\kyber\NTT_core_Client.v":490)
WARN  (NL0002) : The module "dist_mem_gen_5" instantiated to "ROM0" is swept in optimizing("C:\Program D\kyber\Gowin_PicoRV32\gowin_picorv32_V2\src\kyber\NTT_core_Client.v":482)
WARN  (NL0002) : The module "dist_mem_gen_6" instantiated to "ROM1" is swept in optimizing("C:\Program D\kyber\Gowin_PicoRV32\gowin_picorv32_V2\src\kyber\NTT_core_Client.v":483)
WARN  (NL0002) : The module "dist_mem_gen_7" instantiated to "ROM2" is swept in optimizing("C:\Program D\kyber\Gowin_PicoRV32\gowin_picorv32_V2\src\kyber\NTT_core_Client.v":484)
WARN  (NL0002) : The module "c_shift_ram_8" instantiated to "S10" is swept in optimizing("C:\Program D\kyber\Gowin_PicoRV32\gowin_picorv32_V2\src\kyber\NTT_core_Client.v":516)
WARN  (NL0002) : The module "~RAM_based_shift_reg.c_shift_ram_8" instantiated to "u_RAM_based_shift_reg" is swept in optimizing("C:\Program D\kyber\Gowin_PicoRV32\gowin_picorv32_V2\src\kyber\RAM_based_shift_reg_top\c_shift_ram_8.v":0)
WARN  (NL0002) : The module "c_shift_ram_11" instantiated to "S11" is swept in optimizing("C:\Program D\kyber\Gowin_PicoRV32\gowin_picorv32_V2\src\kyber\NTT_core_Client.v":517)
WARN  (NL0002) : The module "~RAM_based_shift_reg.c_shift_ram_11" instantiated to "u_RAM_based_shift_reg" is swept in optimizing("C:\Program D\kyber\Gowin_PicoRV32\gowin_picorv32_V2\src\kyber\RAM_based_shift_reg_top\c_shift_ram_11.v":0)
WARN  (NL0002) : The module "c_shift_ram_3" instantiated to "S4" is swept in optimizing("C:\Program D\kyber\Gowin_PicoRV32\gowin_picorv32_V2\src\kyber\NTT_core_Client.v":511)
WARN  (NL0002) : The module "~RAM_based_shift_reg.c_shift_ram_3" instantiated to "u_RAM_based_shift_reg" is swept in optimizing("C:\Program D\kyber\Gowin_PicoRV32\gowin_picorv32_V2\src\kyber\RAM_based_shift_reg_top\c_shift_ram_3.v":0)
WARN  (NL0002) : The module "c_shift_ram_4" instantiated to "S5" is swept in optimizing("C:\Program D\kyber\Gowin_PicoRV32\gowin_picorv32_V2\src\kyber\NTT_core_Client.v":512)
WARN  (NL0002) : The module "~RAM_based_shift_reg.c_shift_ram_4" instantiated to "u_RAM_based_shift_reg" is swept in optimizing("C:\Program D\kyber\Gowin_PicoRV32\gowin_picorv32_V2\src\kyber\RAM_based_shift_reg_top\c_shift_ram_4.v":0)
WARN  (NL0002) : The module "c_shift_ram_4" instantiated to "S6" is swept in optimizing("C:\Program D\kyber\Gowin_PicoRV32\gowin_picorv32_V2\src\kyber\NTT_core_Client.v":513)
WARN  (NL0002) : The module "~RAM_based_shift_reg.c_shift_ram_4" instantiated to "u_RAM_based_shift_reg" is swept in optimizing("C:\Program D\kyber\Gowin_PicoRV32\gowin_picorv32_V2\src\kyber\RAM_based_shift_reg_top\c_shift_ram_4.v":0)
WARN  (NL0002) : The module "c_shift_ram_5" instantiated to "S7" is swept in optimizing("C:\Program D\kyber\Gowin_PicoRV32\gowin_picorv32_V2\src\kyber\NTT_core_Client.v":514)
WARN  (NL0002) : The module "~RAM_based_shift_reg.c_shift_ram_5" instantiated to "u_RAM_based_shift_reg" is swept in optimizing("C:\Program D\kyber\Gowin_PicoRV32\gowin_picorv32_V2\src\kyber\RAM_based_shift_reg_top\c_shift_ram_5.v":0)
WARN  (NL0002) : The module "c_shift_ram_6" instantiated to "S9" is swept in optimizing("C:\Program D\kyber\Gowin_PicoRV32\gowin_picorv32_V2\src\kyber\NTT_core_Client.v":515)
WARN  (NL0002) : The module "~RAM_based_shift_reg.c_shift_ram_6" instantiated to "u_RAM_based_shift_reg" is swept in optimizing("C:\Program D\kyber\Gowin_PicoRV32\gowin_picorv32_V2\src\kyber\RAM_based_shift_reg_top\c_shift_ram_6.v":0)
WARN  (NL0002) : The module "mux4to2" instantiated to "m00" is swept in optimizing("C:\Program D\kyber\Gowin_PicoRV32\gowin_picorv32_V2\src\kyber\NTT_core_Client.v":492)
WARN  (NL0002) : The module "mux4to2" instantiated to "m01" is swept in optimizing("C:\Program D\kyber\Gowin_PicoRV32\gowin_picorv32_V2\src\kyber\NTT_core_Client.v":493)
WARN  (NL0002) : The module "mux4to2" instantiated to "m02" is swept in optimizing("C:\Program D\kyber\Gowin_PicoRV32\gowin_picorv32_V2\src\kyber\NTT_core_Client.v":494)
WARN  (NL0002) : The module "mux4to2" instantiated to "m10" is swept in optimizing("C:\Program D\kyber\Gowin_PicoRV32\gowin_picorv32_V2\src\kyber\NTT_core_Client.v":495)
WARN  (NL0002) : The module "mux4to2" instantiated to "m11" is swept in optimizing("C:\Program D\kyber\Gowin_PicoRV32\gowin_picorv32_V2\src\kyber\NTT_core_Client.v":496)
WARN  (NL0002) : The module "mux4to2" instantiated to "m12" is swept in optimizing("C:\Program D\kyber\Gowin_PicoRV32\gowin_picorv32_V2\src\kyber\NTT_core_Client.v":497)
WARN  (NL0002) : The module "mux4to2" instantiated to "m20" is swept in optimizing("C:\Program D\kyber\Gowin_PicoRV32\gowin_picorv32_V2\src\kyber\NTT_core_Client.v":498)
WARN  (NL0002) : The module "mux4to2" instantiated to "m21" is swept in optimizing("C:\Program D\kyber\Gowin_PicoRV32\gowin_picorv32_V2\src\kyber\NTT_core_Client.v":499)
WARN  (NL0002) : The module "mux4to2" instantiated to "m22" is swept in optimizing("C:\Program D\kyber\Gowin_PicoRV32\gowin_picorv32_V2\src\kyber\NTT_core_Client.v":500)
WARN  (NL0002) : The module "mux4to2" instantiated to "m30" is swept in optimizing("C:\Program D\kyber\Gowin_PicoRV32\gowin_picorv32_V2\src\kyber\NTT_core_Client.v":501)
WARN  (NL0002) : The module "mux4to2" instantiated to "m31" is swept in optimizing("C:\Program D\kyber\Gowin_PicoRV32\gowin_picorv32_V2\src\kyber\NTT_core_Client.v":502)
WARN  (NL0002) : The module "mux4to2" instantiated to "m32" is swept in optimizing("C:\Program D\kyber\Gowin_PicoRV32\gowin_picorv32_V2\src\kyber\NTT_core_Client.v":503)
WARN  (NL0002) : The module "pattern" instantiated to "pattern" is swept in optimizing("C:\Program D\kyber\Gowin_PicoRV32\gowin_picorv32_V2\src\kyber\keyber_client.v":526)
WARN  (NL0002) : The module "key_gen" instantiated to "y_key_gen" is swept in optimizing("C:\Program D\kyber\Gowin_PicoRV32\gowin_picorv32_V2\src\RSA\RSA_top.v":87)
WARN  (NL0002) : The module "Gowin_rPLL" instantiated to "rPLL_KEM_CLK" is swept in optimizing("C:\Program D\kyber\Gowin_PicoRV32\gowin_picorv32_V2\src\ahbreg.v":221)
[95%] Generate netlist file "C:\Program D\kyber\Gowin_PicoRV32\gowin_picorv32_V2\impl\gwsynthesis\gowin_picorv32.vg" completed
[100%] Generate report file "C:\Program D\kyber\Gowin_PicoRV32\gowin_picorv32_V2\impl\gwsynthesis\gowin_picorv32_syn.rpt.html" completed
GowinSynthesis finish
